{"timestamp":"2025-08-17T08:08:55.368118","level":"info","event":"Filling up the DagBag from /opt/airflow/dags/tiki_pipeline_byke_items.py","logger":"airflow.models.dagbag.DagBag"}
{"timestamp":"2025-08-17T08:09:25.655790","level":"info","event":"Filling up the DagBag from /opt/airflow/dags/tiki_pipeline_byke_items.py","logger":"airflow.models.dagbag.DagBag"}
{"timestamp":"2025-08-17T08:09:55.950170","level":"info","event":"Filling up the DagBag from /opt/airflow/dags/tiki_pipeline_byke_items.py","logger":"airflow.models.dagbag.DagBag"}
{"timestamp":"2025-08-17T08:10:26.870031","level":"info","event":"Filling up the DagBag from /opt/airflow/dags/tiki_pipeline_byke_items.py","logger":"airflow.models.dagbag.DagBag"}
{"timestamp":"2025-08-17T08:10:57.218196","level":"info","event":"Filling up the DagBag from /opt/airflow/dags/tiki_pipeline_byke_items.py","logger":"airflow.models.dagbag.DagBag"}
{"timestamp":"2025-08-17T08:11:28.121156","level":"info","event":"Filling up the DagBag from /opt/airflow/dags/tiki_pipeline_byke_items.py","logger":"airflow.models.dagbag.DagBag"}
{"timestamp":"2025-08-17T08:11:59.148667","level":"info","event":"Filling up the DagBag from /opt/airflow/dags/tiki_pipeline_byke_items.py","logger":"airflow.models.dagbag.DagBag"}
{"timestamp":"2025-08-17T08:12:29.306518","level":"info","event":"Filling up the DagBag from /opt/airflow/dags/tiki_pipeline_byke_items.py","logger":"airflow.models.dagbag.DagBag"}
{"timestamp":"2025-08-17T08:13:00.468977","level":"info","event":"Filling up the DagBag from /opt/airflow/dags/tiki_pipeline_byke_items.py","logger":"airflow.models.dagbag.DagBag"}
{"timestamp":"2025-08-17T08:13:30.705816","level":"info","event":"Filling up the DagBag from /opt/airflow/dags/tiki_pipeline_byke_items.py","logger":"airflow.models.dagbag.DagBag"}
{"timestamp":"2025-08-17T08:14:00.889080","level":"info","event":"Filling up the DagBag from /opt/airflow/dags/tiki_pipeline_byke_items.py","logger":"airflow.models.dagbag.DagBag"}
{"timestamp":"2025-08-17T08:14:31.974750","level":"info","event":"Filling up the DagBag from /opt/airflow/dags/tiki_pipeline_byke_items.py","logger":"airflow.models.dagbag.DagBag"}
{"timestamp":"2025-08-17T08:15:02.966693","level":"info","event":"Filling up the DagBag from /opt/airflow/dags/tiki_pipeline_byke_items.py","logger":"airflow.models.dagbag.DagBag"}
{"timestamp":"2025-08-17T08:15:34.185242","level":"info","event":"Filling up the DagBag from /opt/airflow/dags/tiki_pipeline_byke_items.py","logger":"airflow.models.dagbag.DagBag"}
{"timestamp":"2025-08-17T08:16:05.156150","level":"info","event":"Filling up the DagBag from /opt/airflow/dags/tiki_pipeline_byke_items.py","logger":"airflow.models.dagbag.DagBag"}
{"timestamp":"2025-08-17T08:16:36.172063","level":"info","event":"Filling up the DagBag from /opt/airflow/dags/tiki_pipeline_byke_items.py","logger":"airflow.models.dagbag.DagBag"}
{"timestamp":"2025-08-17T08:17:07.199076","level":"info","event":"Filling up the DagBag from /opt/airflow/dags/tiki_pipeline_byke_items.py","logger":"airflow.models.dagbag.DagBag"}
{"timestamp":"2025-08-17T08:17:07.238138","level":"error","event":"Failed to import: /opt/airflow/dags/tiki_pipeline_byke_items.py","logger":"airflow.models.dagbag.DagBag","error_detail":[{"exc_type":"SyntaxError","exc_value":"invalid syntax (shopee_etl_repo.py, line 74)","exc_notes":[],"syntax_error":{"offset":41,"filename":"/opt/airflow/repository/shopee_etl_repo.py","line":"    def load(self, processed_data_path, ,command_load, item_tag):\n","lineno":74,"msg":"invalid syntax"},"is_cause":false,"frames":[{"filename":"/home/airflow/.local/lib/python3.12/site-packages/airflow/models/dagbag.py","lineno":394,"name":"parse"},{"filename":"<frozen importlib._bootstrap_external>","lineno":999,"name":"exec_module"},{"filename":"<frozen importlib._bootstrap>","lineno":488,"name":"_call_with_frames_removed"},{"filename":"/opt/airflow/dags/tiki_pipeline_byke_items.py","lineno":5,"name":"<module>"}],"is_group":false,"exceptions":[]}]}
{"timestamp":"2025-08-17T08:17:38.099817","level":"info","event":"Filling up the DagBag from /opt/airflow/dags/tiki_pipeline_byke_items.py","logger":"airflow.models.dagbag.DagBag"}
{"timestamp":"2025-08-17T08:18:09.099380","level":"info","event":"Filling up the DagBag from /opt/airflow/dags/tiki_pipeline_byke_items.py","logger":"airflow.models.dagbag.DagBag"}
{"timestamp":"2025-08-17T08:18:39.364793","level":"info","event":"Filling up the DagBag from /opt/airflow/dags/tiki_pipeline_byke_items.py","logger":"airflow.models.dagbag.DagBag"}
{"timestamp":"2025-08-17T08:19:09.653191","level":"info","event":"Filling up the DagBag from /opt/airflow/dags/tiki_pipeline_byke_items.py","logger":"airflow.models.dagbag.DagBag"}
{"timestamp":"2025-08-17T08:19:40.758790","level":"info","event":"Filling up the DagBag from /opt/airflow/dags/tiki_pipeline_byke_items.py","logger":"airflow.models.dagbag.DagBag"}
{"timestamp":"2025-08-17T08:20:10.922102","level":"info","event":"Filling up the DagBag from /opt/airflow/dags/tiki_pipeline_byke_items.py","logger":"airflow.models.dagbag.DagBag"}
{"timestamp":"2025-08-17T08:20:42.009077","level":"info","event":"Filling up the DagBag from /opt/airflow/dags/tiki_pipeline_byke_items.py","logger":"airflow.models.dagbag.DagBag"}
{"timestamp":"2025-08-17T08:21:12.988851","level":"info","event":"Filling up the DagBag from /opt/airflow/dags/tiki_pipeline_byke_items.py","logger":"airflow.models.dagbag.DagBag"}
{"timestamp":"2025-08-17T08:21:43.972534","level":"info","event":"Filling up the DagBag from /opt/airflow/dags/tiki_pipeline_byke_items.py","logger":"airflow.models.dagbag.DagBag"}
{"timestamp":"2025-08-17T08:22:14.953743","level":"info","event":"Filling up the DagBag from /opt/airflow/dags/tiki_pipeline_byke_items.py","logger":"airflow.models.dagbag.DagBag"}
{"timestamp":"2025-08-17T08:28:06.338813","level":"info","event":"Filling up the DagBag from /opt/airflow/dags/tiki_pipeline_byke_items.py","logger":"airflow.models.dagbag.DagBag"}
{"timestamp":"2025-08-17T08:29:05.270354","level":"info","event":"Filling up the DagBag from /opt/airflow/dags/tiki_pipeline_byke_items.py","logger":"airflow.models.dagbag.DagBag"}
{"timestamp":"2025-08-17T08:29:36.390752","level":"info","event":"Filling up the DagBag from /opt/airflow/dags/tiki_pipeline_byke_items.py","logger":"airflow.models.dagbag.DagBag"}
{"timestamp":"2025-08-17T08:30:07.144273","level":"info","event":"Filling up the DagBag from /opt/airflow/dags/tiki_pipeline_byke_items.py","logger":"airflow.models.dagbag.DagBag"}
{"timestamp":"2025-08-17T08:30:37.698263","level":"info","event":"Filling up the DagBag from /opt/airflow/dags/tiki_pipeline_byke_items.py","logger":"airflow.models.dagbag.DagBag"}
{"timestamp":"2025-08-17T08:31:08.535655","level":"info","event":"Filling up the DagBag from /opt/airflow/dags/tiki_pipeline_byke_items.py","logger":"airflow.models.dagbag.DagBag"}
{"timestamp":"2025-08-17T08:31:39.514231","level":"info","event":"Filling up the DagBag from /opt/airflow/dags/tiki_pipeline_byke_items.py","logger":"airflow.models.dagbag.DagBag"}
{"timestamp":"2025-08-17T08:32:10.435123","level":"info","event":"Filling up the DagBag from /opt/airflow/dags/tiki_pipeline_byke_items.py","logger":"airflow.models.dagbag.DagBag"}
{"timestamp":"2025-08-17T08:32:41.353006","level":"info","event":"Filling up the DagBag from /opt/airflow/dags/tiki_pipeline_byke_items.py","logger":"airflow.models.dagbag.DagBag"}
{"timestamp":"2025-08-17T08:33:12.076275","level":"info","event":"Filling up the DagBag from /opt/airflow/dags/tiki_pipeline_byke_items.py","logger":"airflow.models.dagbag.DagBag"}
{"timestamp":"2025-08-17T08:33:42.922828","level":"info","event":"Filling up the DagBag from /opt/airflow/dags/tiki_pipeline_byke_items.py","logger":"airflow.models.dagbag.DagBag"}
{"timestamp":"2025-08-17T08:34:13.679925","level":"info","event":"Filling up the DagBag from /opt/airflow/dags/tiki_pipeline_byke_items.py","logger":"airflow.models.dagbag.DagBag"}
{"timestamp":"2025-08-17T08:34:44.451410","level":"info","event":"Filling up the DagBag from /opt/airflow/dags/tiki_pipeline_byke_items.py","logger":"airflow.models.dagbag.DagBag"}
{"timestamp":"2025-08-17T08:35:15.217578","level":"info","event":"Filling up the DagBag from /opt/airflow/dags/tiki_pipeline_byke_items.py","logger":"airflow.models.dagbag.DagBag"}
{"timestamp":"2025-08-17T08:35:28.568474","level":"info","event":"Filling up the DagBag from /opt/airflow/dags/tiki_pipeline_byke_items.py","logger":"airflow.models.dagbag.DagBag"}
{"timestamp":"2025-08-17T08:35:28.629784","level":"error","event":"Failed to import: /opt/airflow/dags/tiki_pipeline_byke_items.py","logger":"airflow.models.dagbag.DagBag","error_detail":[{"exc_type":"SyntaxError","exc_value":"invalid syntax (tiki_pipeline_byke_items.py, line 117)","exc_notes":[],"syntax_error":{"offset":58,"filename":"/opt/airflow/dags/tiki_pipeline_byke_items.py","line":"    hmkRepo.transform(Path_Folder.processed_folder_path, ,json_key, item_tag)\n","lineno":117,"msg":"invalid syntax"},"is_cause":false,"frames":[{"filename":"/home/airflow/.local/lib/python3.12/site-packages/airflow/models/dagbag.py","lineno":394,"name":"parse"},{"filename":"<frozen importlib._bootstrap_external>","lineno":995,"name":"exec_module"},{"filename":"<frozen importlib._bootstrap_external>","lineno":1133,"name":"get_code"},{"filename":"<frozen importlib._bootstrap_external>","lineno":1063,"name":"source_to_code"},{"filename":"<frozen importlib._bootstrap>","lineno":488,"name":"_call_with_frames_removed"}],"is_group":false,"exceptions":[]}]}
{"timestamp":"2025-08-17T08:35:30.889774","level":"info","event":"Filling up the DagBag from /opt/airflow/dags/tiki_pipeline_byke_items.py","logger":"airflow.models.dagbag.DagBag"}
{"timestamp":"2025-08-17T08:35:33.365481","level":"info","event":"Filling up the DagBag from /opt/airflow/dags/tiki_pipeline_byke_items.py","logger":"airflow.models.dagbag.DagBag"}
{"timestamp":"2025-08-17T08:36:04.202761","level":"info","event":"Filling up the DagBag from /opt/airflow/dags/tiki_pipeline_byke_items.py","logger":"airflow.models.dagbag.DagBag"}
{"timestamp":"2025-08-17T08:36:35.020599","level":"info","event":"Filling up the DagBag from /opt/airflow/dags/tiki_pipeline_byke_items.py","logger":"airflow.models.dagbag.DagBag"}
{"timestamp":"2025-08-17T08:37:05.838931","level":"info","event":"Filling up the DagBag from /opt/airflow/dags/tiki_pipeline_byke_items.py","logger":"airflow.models.dagbag.DagBag"}
{"timestamp":"2025-08-17T08:37:36.758657","level":"info","event":"Filling up the DagBag from /opt/airflow/dags/tiki_pipeline_byke_items.py","logger":"airflow.models.dagbag.DagBag"}
{"timestamp":"2025-08-17T08:38:07.466313","level":"info","event":"Filling up the DagBag from /opt/airflow/dags/tiki_pipeline_byke_items.py","logger":"airflow.models.dagbag.DagBag"}
{"timestamp":"2025-08-17T08:38:38.243576","level":"info","event":"Filling up the DagBag from /opt/airflow/dags/tiki_pipeline_byke_items.py","logger":"airflow.models.dagbag.DagBag"}
{"timestamp":"2025-08-17T08:39:09.506252","level":"info","event":"Filling up the DagBag from /opt/airflow/dags/tiki_pipeline_byke_items.py","logger":"airflow.models.dagbag.DagBag"}
{"timestamp":"2025-08-17T08:39:40.704946","level":"info","event":"Filling up the DagBag from /opt/airflow/dags/tiki_pipeline_byke_items.py","logger":"airflow.models.dagbag.DagBag"}
{"timestamp":"2025-08-17T08:40:11.671123","level":"info","event":"Filling up the DagBag from /opt/airflow/dags/tiki_pipeline_byke_items.py","logger":"airflow.models.dagbag.DagBag"}
{"timestamp":"2025-08-17T08:40:43.011650","level":"info","event":"Filling up the DagBag from /opt/airflow/dags/tiki_pipeline_byke_items.py","logger":"airflow.models.dagbag.DagBag"}
{"timestamp":"2025-08-17T08:41:14.098502","level":"info","event":"Filling up the DagBag from /opt/airflow/dags/tiki_pipeline_byke_items.py","logger":"airflow.models.dagbag.DagBag"}
{"timestamp":"2025-08-17T08:41:45.098715","level":"info","event":"Filling up the DagBag from /opt/airflow/dags/tiki_pipeline_byke_items.py","logger":"airflow.models.dagbag.DagBag"}
{"timestamp":"2025-08-17T08:42:15.910008","level":"info","event":"Filling up the DagBag from /opt/airflow/dags/tiki_pipeline_byke_items.py","logger":"airflow.models.dagbag.DagBag"}
{"timestamp":"2025-08-17T08:42:46.637115","level":"info","event":"Filling up the DagBag from /opt/airflow/dags/tiki_pipeline_byke_items.py","logger":"airflow.models.dagbag.DagBag"}
{"timestamp":"2025-08-17T08:43:17.532192","level":"info","event":"Filling up the DagBag from /opt/airflow/dags/tiki_pipeline_byke_items.py","logger":"airflow.models.dagbag.DagBag"}
{"timestamp":"2025-08-17T08:43:48.399485","level":"info","event":"Filling up the DagBag from /opt/airflow/dags/tiki_pipeline_byke_items.py","logger":"airflow.models.dagbag.DagBag"}
{"timestamp":"2025-08-17T08:44:19.246016","level":"info","event":"Filling up the DagBag from /opt/airflow/dags/tiki_pipeline_byke_items.py","logger":"airflow.models.dagbag.DagBag"}
{"timestamp":"2025-08-17T08:44:50.165796","level":"info","event":"Filling up the DagBag from /opt/airflow/dags/tiki_pipeline_byke_items.py","logger":"airflow.models.dagbag.DagBag"}
{"timestamp":"2025-08-17T08:45:21.162261","level":"info","event":"Filling up the DagBag from /opt/airflow/dags/tiki_pipeline_byke_items.py","logger":"airflow.models.dagbag.DagBag"}
{"timestamp":"2025-08-17T08:45:52.045118","level":"info","event":"Filling up the DagBag from /opt/airflow/dags/tiki_pipeline_byke_items.py","logger":"airflow.models.dagbag.DagBag"}
{"timestamp":"2025-08-17T08:46:06.098553","level":"info","event":"Filling up the DagBag from /opt/airflow/dags/tiki_pipeline_byke_items.py","logger":"airflow.models.dagbag.DagBag"}
{"timestamp":"2025-08-17T08:46:07.617444","level":"info","event":"Filling up the DagBag from /opt/airflow/dags/tiki_pipeline_byke_items.py","logger":"airflow.models.dagbag.DagBag"}
{"timestamp":"2025-08-17T08:46:38.478434","level":"info","event":"Filling up the DagBag from /opt/airflow/dags/tiki_pipeline_byke_items.py","logger":"airflow.models.dagbag.DagBag"}
{"timestamp":"2025-08-17T08:47:09.188667","level":"info","event":"Filling up the DagBag from /opt/airflow/dags/tiki_pipeline_byke_items.py","logger":"airflow.models.dagbag.DagBag"}
{"timestamp":"2025-08-17T08:47:39.815902","level":"info","event":"Filling up the DagBag from /opt/airflow/dags/tiki_pipeline_byke_items.py","logger":"airflow.models.dagbag.DagBag"}
{"timestamp":"2025-08-17T08:48:10.639816","level":"info","event":"Filling up the DagBag from /opt/airflow/dags/tiki_pipeline_byke_items.py","logger":"airflow.models.dagbag.DagBag"}
{"timestamp":"2025-08-17T08:48:41.259883","level":"info","event":"Filling up the DagBag from /opt/airflow/dags/tiki_pipeline_byke_items.py","logger":"airflow.models.dagbag.DagBag"}
{"timestamp":"2025-08-17T08:49:11.883493","level":"info","event":"Filling up the DagBag from /opt/airflow/dags/tiki_pipeline_byke_items.py","logger":"airflow.models.dagbag.DagBag"}
{"timestamp":"2025-08-17T08:49:42.446484","level":"info","event":"Filling up the DagBag from /opt/airflow/dags/tiki_pipeline_byke_items.py","logger":"airflow.models.dagbag.DagBag"}
{"timestamp":"2025-08-17T08:50:13.090775","level":"info","event":"Filling up the DagBag from /opt/airflow/dags/tiki_pipeline_byke_items.py","logger":"airflow.models.dagbag.DagBag"}
{"timestamp":"2025-08-17T08:50:43.811174","level":"info","event":"Filling up the DagBag from /opt/airflow/dags/tiki_pipeline_byke_items.py","logger":"airflow.models.dagbag.DagBag"}
{"timestamp":"2025-08-17T08:51:14.652895","level":"info","event":"Filling up the DagBag from /opt/airflow/dags/tiki_pipeline_byke_items.py","logger":"airflow.models.dagbag.DagBag"}
{"timestamp":"2025-08-17T08:51:45.468118","level":"info","event":"Filling up the DagBag from /opt/airflow/dags/tiki_pipeline_byke_items.py","logger":"airflow.models.dagbag.DagBag"}
{"timestamp":"2025-08-17T08:52:16.163473","level":"info","event":"Filling up the DagBag from /opt/airflow/dags/tiki_pipeline_byke_items.py","logger":"airflow.models.dagbag.DagBag"}
{"timestamp":"2025-08-17T08:52:46.736965","level":"info","event":"Filling up the DagBag from /opt/airflow/dags/tiki_pipeline_byke_items.py","logger":"airflow.models.dagbag.DagBag"}
{"timestamp":"2025-08-17T08:53:17.297678","level":"info","event":"Filling up the DagBag from /opt/airflow/dags/tiki_pipeline_byke_items.py","logger":"airflow.models.dagbag.DagBag"}
{"timestamp":"2025-08-17T08:53:47.994257","level":"info","event":"Filling up the DagBag from /opt/airflow/dags/tiki_pipeline_byke_items.py","logger":"airflow.models.dagbag.DagBag"}
{"timestamp":"2025-08-17T08:54:18.897944","level":"info","event":"Filling up the DagBag from /opt/airflow/dags/tiki_pipeline_byke_items.py","logger":"airflow.models.dagbag.DagBag"}
{"timestamp":"2025-08-17T08:54:19.090380","level":"error","event":"Failed to import: /opt/airflow/dags/tiki_pipeline_byke_items.py","logger":"airflow.models.dagbag.DagBag","error_detail":[{"exc_type":"TypeError","exc_value":"Can't instantiate abstract class ShopeeETL without an implementation for abstract method 'transform'","exc_notes":[],"syntax_error":null,"is_cause":false,"frames":[{"filename":"/home/airflow/.local/lib/python3.12/site-packages/airflow/models/dagbag.py","lineno":394,"name":"parse"},{"filename":"<frozen importlib._bootstrap_external>","lineno":999,"name":"exec_module"},{"filename":"<frozen importlib._bootstrap>","lineno":488,"name":"_call_with_frames_removed"},{"filename":"/opt/airflow/dags/tiki_pipeline_byke_items.py","lineno":31,"name":"<module>"}],"is_group":false,"exceptions":[]}]}
{"timestamp":"2025-08-17T08:54:49.827173","level":"info","event":"Filling up the DagBag from /opt/airflow/dags/tiki_pipeline_byke_items.py","logger":"airflow.models.dagbag.DagBag"}
{"timestamp":"2025-08-17T08:55:20.514168","level":"info","event":"Filling up the DagBag from /opt/airflow/dags/tiki_pipeline_byke_items.py","logger":"airflow.models.dagbag.DagBag"}
{"timestamp":"2025-08-17T08:55:51.087970","level":"info","event":"Filling up the DagBag from /opt/airflow/dags/tiki_pipeline_byke_items.py","logger":"airflow.models.dagbag.DagBag"}
{"timestamp":"2025-08-17T08:56:21.769940","level":"info","event":"Filling up the DagBag from /opt/airflow/dags/tiki_pipeline_byke_items.py","logger":"airflow.models.dagbag.DagBag"}
{"timestamp":"2025-08-17T08:56:52.470153","level":"info","event":"Filling up the DagBag from /opt/airflow/dags/tiki_pipeline_byke_items.py","logger":"airflow.models.dagbag.DagBag"}
{"timestamp":"2025-08-17T08:57:23.242786","level":"info","event":"Filling up the DagBag from /opt/airflow/dags/tiki_pipeline_byke_items.py","logger":"airflow.models.dagbag.DagBag"}
{"timestamp":"2025-08-17T08:57:53.801566","level":"info","event":"Filling up the DagBag from /opt/airflow/dags/tiki_pipeline_byke_items.py","logger":"airflow.models.dagbag.DagBag"}
{"timestamp":"2025-08-17T08:58:24.714728","level":"info","event":"Filling up the DagBag from /opt/airflow/dags/tiki_pipeline_byke_items.py","logger":"airflow.models.dagbag.DagBag"}
{"timestamp":"2025-08-17T08:58:55.364663","level":"info","event":"Filling up the DagBag from /opt/airflow/dags/tiki_pipeline_byke_items.py","logger":"airflow.models.dagbag.DagBag"}
{"timestamp":"2025-08-17T08:59:26.107344","level":"info","event":"Filling up the DagBag from /opt/airflow/dags/tiki_pipeline_byke_items.py","logger":"airflow.models.dagbag.DagBag"}
{"timestamp":"2025-08-17T08:59:56.932158","level":"info","event":"Filling up the DagBag from /opt/airflow/dags/tiki_pipeline_byke_items.py","logger":"airflow.models.dagbag.DagBag"}
{"timestamp":"2025-08-17T09:00:27.638517","level":"info","event":"Filling up the DagBag from /opt/airflow/dags/tiki_pipeline_byke_items.py","logger":"airflow.models.dagbag.DagBag"}
{"timestamp":"2025-08-17T09:00:58.227343","level":"info","event":"Filling up the DagBag from /opt/airflow/dags/tiki_pipeline_byke_items.py","logger":"airflow.models.dagbag.DagBag"}
{"timestamp":"2025-08-17T09:01:28.932401","level":"info","event":"Filling up the DagBag from /opt/airflow/dags/tiki_pipeline_byke_items.py","logger":"airflow.models.dagbag.DagBag"}
{"timestamp":"2025-08-17T09:01:59.662840","level":"info","event":"Filling up the DagBag from /opt/airflow/dags/tiki_pipeline_byke_items.py","logger":"airflow.models.dagbag.DagBag"}
{"timestamp":"2025-08-17T09:02:30.301018","level":"info","event":"Filling up the DagBag from /opt/airflow/dags/tiki_pipeline_byke_items.py","logger":"airflow.models.dagbag.DagBag"}
{"timestamp":"2025-08-17T09:02:35.157575","level":"info","event":"Filling up the DagBag from /opt/airflow/dags/tiki_pipeline_byke_items.py","logger":"airflow.models.dagbag.DagBag"}
{"timestamp":"2025-08-17T09:02:47.814037","level":"info","event":"Filling up the DagBag from /opt/airflow/dags/tiki_pipeline_byke_items.py","logger":"airflow.models.dagbag.DagBag"}
{"timestamp":"2025-08-17T09:02:53.520263","level":"info","event":"Filling up the DagBag from /opt/airflow/dags/tiki_pipeline_byke_items.py","logger":"airflow.models.dagbag.DagBag"}
{"timestamp":"2025-08-17T09:02:55.986851","level":"info","event":"Filling up the DagBag from /opt/airflow/dags/tiki_pipeline_byke_items.py","logger":"airflow.models.dagbag.DagBag"}
{"timestamp":"2025-08-17T09:02:57.374825","level":"info","event":"Filling up the DagBag from /opt/airflow/dags/tiki_pipeline_byke_items.py","logger":"airflow.models.dagbag.DagBag"}
{"timestamp":"2025-08-17T09:03:03.942666","level":"info","event":"Filling up the DagBag from /opt/airflow/dags/tiki_pipeline_byke_items.py","logger":"airflow.models.dagbag.DagBag"}
{"timestamp":"2025-08-17T09:03:05.506302","level":"info","event":"Filling up the DagBag from /opt/airflow/dags/tiki_pipeline_byke_items.py","logger":"airflow.models.dagbag.DagBag"}
{"timestamp":"2025-08-17T09:03:07.933820","level":"info","event":"Filling up the DagBag from /opt/airflow/dags/tiki_pipeline_byke_items.py","logger":"airflow.models.dagbag.DagBag"}
{"timestamp":"2025-08-17T09:03:39.125721","level":"info","event":"Filling up the DagBag from /opt/airflow/dags/tiki_pipeline_byke_items.py","logger":"airflow.models.dagbag.DagBag"}
{"timestamp":"2025-08-17T09:04:09.688013","level":"info","event":"Filling up the DagBag from /opt/airflow/dags/tiki_pipeline_byke_items.py","logger":"airflow.models.dagbag.DagBag"}
{"timestamp":"2025-08-17T09:04:40.618715","level":"info","event":"Filling up the DagBag from /opt/airflow/dags/tiki_pipeline_byke_items.py","logger":"airflow.models.dagbag.DagBag"}
{"timestamp":"2025-08-17T09:04:54.289079","level":"info","event":"Filling up the DagBag from /opt/airflow/dags/tiki_pipeline_byke_items.py","logger":"airflow.models.dagbag.DagBag"}
{"timestamp":"2025-08-17T09:05:25.230374","level":"info","event":"Filling up the DagBag from /opt/airflow/dags/tiki_pipeline_byke_items.py","logger":"airflow.models.dagbag.DagBag"}
{"timestamp":"2025-08-17T09:05:56.209866","level":"info","event":"Filling up the DagBag from /opt/airflow/dags/tiki_pipeline_byke_items.py","logger":"airflow.models.dagbag.DagBag"}
{"timestamp":"2025-08-17T09:06:27.123054","level":"info","event":"Filling up the DagBag from /opt/airflow/dags/tiki_pipeline_byke_items.py","logger":"airflow.models.dagbag.DagBag"}
{"timestamp":"2025-08-17T09:06:58.214508","level":"info","event":"Filling up the DagBag from /opt/airflow/dags/tiki_pipeline_byke_items.py","logger":"airflow.models.dagbag.DagBag"}
{"timestamp":"2025-08-17T09:06:59.640638","level":"info","event":"Filling up the DagBag from /opt/airflow/dags/tiki_pipeline_byke_items.py","logger":"airflow.models.dagbag.DagBag"}
{"timestamp":"2025-08-17T09:07:30.621717","level":"info","event":"Filling up the DagBag from /opt/airflow/dags/tiki_pipeline_byke_items.py","logger":"airflow.models.dagbag.DagBag"}
{"timestamp":"2025-08-17T09:08:01.680936","level":"info","event":"Filling up the DagBag from /opt/airflow/dags/tiki_pipeline_byke_items.py","logger":"airflow.models.dagbag.DagBag"}
{"timestamp":"2025-08-17T09:08:11.134527","level":"info","event":"Filling up the DagBag from /opt/airflow/dags/tiki_pipeline_byke_items.py","logger":"airflow.models.dagbag.DagBag"}
{"timestamp":"2025-08-17T09:08:42.432839","level":"info","event":"Filling up the DagBag from /opt/airflow/dags/tiki_pipeline_byke_items.py","logger":"airflow.models.dagbag.DagBag"}
{"timestamp":"2025-08-17T09:09:13.109753","level":"info","event":"Filling up the DagBag from /opt/airflow/dags/tiki_pipeline_byke_items.py","logger":"airflow.models.dagbag.DagBag"}
{"timestamp":"2025-08-17T09:09:43.707467","level":"info","event":"Filling up the DagBag from /opt/airflow/dags/tiki_pipeline_byke_items.py","logger":"airflow.models.dagbag.DagBag"}
{"timestamp":"2025-08-17T09:10:14.744148","level":"info","event":"Filling up the DagBag from /opt/airflow/dags/tiki_pipeline_byke_items.py","logger":"airflow.models.dagbag.DagBag"}
{"timestamp":"2025-08-17T09:10:45.857659","level":"info","event":"Filling up the DagBag from /opt/airflow/dags/tiki_pipeline_byke_items.py","logger":"airflow.models.dagbag.DagBag"}
{"timestamp":"2025-08-17T09:10:46.043194","level":"error","event":"Failed to import: /opt/airflow/dags/tiki_pipeline_byke_items.py","logger":"airflow.models.dagbag.DagBag","error_detail":[{"exc_type":"TypeError","exc_value":"Can't instantiate abstract class ShopeeETL without an implementation for abstract method 'load'","exc_notes":[],"syntax_error":null,"is_cause":false,"frames":[{"filename":"/home/airflow/.local/lib/python3.12/site-packages/airflow/models/dagbag.py","lineno":394,"name":"parse"},{"filename":"<frozen importlib._bootstrap_external>","lineno":999,"name":"exec_module"},{"filename":"<frozen importlib._bootstrap>","lineno":488,"name":"_call_with_frames_removed"},{"filename":"/opt/airflow/dags/tiki_pipeline_byke_items.py","lineno":31,"name":"<module>"}],"is_group":false,"exceptions":[]}]}
{"timestamp":"2025-08-17T09:11:17.159228","level":"info","event":"Filling up the DagBag from /opt/airflow/dags/tiki_pipeline_byke_items.py","logger":"airflow.models.dagbag.DagBag"}
{"timestamp":"2025-08-17T09:11:48.325571","level":"info","event":"Filling up the DagBag from /opt/airflow/dags/tiki_pipeline_byke_items.py","logger":"airflow.models.dagbag.DagBag"}
{"timestamp":"2025-08-17T09:12:19.564951","level":"info","event":"Filling up the DagBag from /opt/airflow/dags/tiki_pipeline_byke_items.py","logger":"airflow.models.dagbag.DagBag"}
{"timestamp":"2025-08-17T09:12:19.789645","level":"error","event":"Failed to import: /opt/airflow/dags/tiki_pipeline_byke_items.py","logger":"airflow.models.dagbag.DagBag","error_detail":[{"exc_type":"TypeError","exc_value":"Can't instantiate abstract class ShopeeETL without an implementation for abstract method 'load'","exc_notes":[],"syntax_error":null,"is_cause":false,"frames":[{"filename":"/home/airflow/.local/lib/python3.12/site-packages/airflow/models/dagbag.py","lineno":394,"name":"parse"},{"filename":"<frozen importlib._bootstrap_external>","lineno":999,"name":"exec_module"},{"filename":"<frozen importlib._bootstrap>","lineno":488,"name":"_call_with_frames_removed"},{"filename":"/opt/airflow/dags/tiki_pipeline_byke_items.py","lineno":31,"name":"<module>"}],"is_group":false,"exceptions":[]}]}
{"timestamp":"2025-08-17T09:12:50.899362","level":"info","event":"Filling up the DagBag from /opt/airflow/dags/tiki_pipeline_byke_items.py","logger":"airflow.models.dagbag.DagBag"}
{"timestamp":"2025-08-17T09:13:21.940849","level":"info","event":"Filling up the DagBag from /opt/airflow/dags/tiki_pipeline_byke_items.py","logger":"airflow.models.dagbag.DagBag"}
{"timestamp":"2025-08-17T09:13:53.125583","level":"info","event":"Filling up the DagBag from /opt/airflow/dags/tiki_pipeline_byke_items.py","logger":"airflow.models.dagbag.DagBag"}
{"timestamp":"2025-08-17T09:14:24.196537","level":"info","event":"Filling up the DagBag from /opt/airflow/dags/tiki_pipeline_byke_items.py","logger":"airflow.models.dagbag.DagBag"}
{"timestamp":"2025-08-17T09:14:54.992679","level":"info","event":"Filling up the DagBag from /opt/airflow/dags/tiki_pipeline_byke_items.py","logger":"airflow.models.dagbag.DagBag"}
{"timestamp":"2025-08-17T09:15:25.711931","level":"info","event":"Filling up the DagBag from /opt/airflow/dags/tiki_pipeline_byke_items.py","logger":"airflow.models.dagbag.DagBag"}
{"timestamp":"2025-08-17T09:15:56.697968","level":"info","event":"Filling up the DagBag from /opt/airflow/dags/tiki_pipeline_byke_items.py","logger":"airflow.models.dagbag.DagBag"}
{"timestamp":"2025-08-17T09:16:27.778179","level":"info","event":"Filling up the DagBag from /opt/airflow/dags/tiki_pipeline_byke_items.py","logger":"airflow.models.dagbag.DagBag"}
{"timestamp":"2025-08-17T09:16:58.480201","level":"info","event":"Filling up the DagBag from /opt/airflow/dags/tiki_pipeline_byke_items.py","logger":"airflow.models.dagbag.DagBag"}
{"timestamp":"2025-08-17T09:17:29.548828","level":"info","event":"Filling up the DagBag from /opt/airflow/dags/tiki_pipeline_byke_items.py","logger":"airflow.models.dagbag.DagBag"}
{"timestamp":"2025-08-17T09:18:00.561568","level":"info","event":"Filling up the DagBag from /opt/airflow/dags/tiki_pipeline_byke_items.py","logger":"airflow.models.dagbag.DagBag"}
{"timestamp":"2025-08-17T09:18:31.265568","level":"info","event":"Filling up the DagBag from /opt/airflow/dags/tiki_pipeline_byke_items.py","logger":"airflow.models.dagbag.DagBag"}
{"timestamp":"2025-08-17T09:19:01.745446","level":"info","event":"Filling up the DagBag from /opt/airflow/dags/tiki_pipeline_byke_items.py","logger":"airflow.models.dagbag.DagBag"}
{"timestamp":"2025-08-17T09:19:32.011507","level":"info","event":"Filling up the DagBag from /opt/airflow/dags/tiki_pipeline_byke_items.py","logger":"airflow.models.dagbag.DagBag"}
{"timestamp":"2025-08-17T09:20:02.263408","level":"info","event":"Filling up the DagBag from /opt/airflow/dags/tiki_pipeline_byke_items.py","logger":"airflow.models.dagbag.DagBag"}
{"timestamp":"2025-08-17T09:20:32.514117","level":"info","event":"Filling up the DagBag from /opt/airflow/dags/tiki_pipeline_byke_items.py","logger":"airflow.models.dagbag.DagBag"}
{"timestamp":"2025-08-17T09:21:02.922279","level":"info","event":"Filling up the DagBag from /opt/airflow/dags/tiki_pipeline_byke_items.py","logger":"airflow.models.dagbag.DagBag"}
{"timestamp":"2025-08-17T09:21:23.989177","level":"info","event":"Filling up the DagBag from /opt/airflow/dags/tiki_pipeline_byke_items.py","logger":"airflow.models.dagbag.DagBag"}
{"timestamp":"2025-08-17T09:21:54.440250","level":"info","event":"Filling up the DagBag from /opt/airflow/dags/tiki_pipeline_byke_items.py","logger":"airflow.models.dagbag.DagBag"}
{"timestamp":"2025-08-17T09:22:24.773886","level":"info","event":"Filling up the DagBag from /opt/airflow/dags/tiki_pipeline_byke_items.py","logger":"airflow.models.dagbag.DagBag"}
{"timestamp":"2025-08-17T09:22:55.216936","level":"info","event":"Filling up the DagBag from /opt/airflow/dags/tiki_pipeline_byke_items.py","logger":"airflow.models.dagbag.DagBag"}
{"timestamp":"2025-08-17T09:23:25.912844","level":"info","event":"Filling up the DagBag from /opt/airflow/dags/tiki_pipeline_byke_items.py","logger":"airflow.models.dagbag.DagBag"}
{"timestamp":"2025-08-17T09:23:56.273251","level":"info","event":"Filling up the DagBag from /opt/airflow/dags/tiki_pipeline_byke_items.py","logger":"airflow.models.dagbag.DagBag"}
{"timestamp":"2025-08-17T09:24:26.777734","level":"info","event":"Filling up the DagBag from /opt/airflow/dags/tiki_pipeline_byke_items.py","logger":"airflow.models.dagbag.DagBag"}
{"timestamp":"2025-08-17T09:24:57.082423","level":"info","event":"Filling up the DagBag from /opt/airflow/dags/tiki_pipeline_byke_items.py","logger":"airflow.models.dagbag.DagBag"}
{"timestamp":"2025-08-17T09:25:27.381053","level":"info","event":"Filling up the DagBag from /opt/airflow/dags/tiki_pipeline_byke_items.py","logger":"airflow.models.dagbag.DagBag"}
{"timestamp":"2025-08-17T09:25:57.594219","level":"info","event":"Filling up the DagBag from /opt/airflow/dags/tiki_pipeline_byke_items.py","logger":"airflow.models.dagbag.DagBag"}
{"timestamp":"2025-08-17T09:26:27.921502","level":"info","event":"Filling up the DagBag from /opt/airflow/dags/tiki_pipeline_byke_items.py","logger":"airflow.models.dagbag.DagBag"}
{"timestamp":"2025-08-17T09:26:58.245660","level":"info","event":"Filling up the DagBag from /opt/airflow/dags/tiki_pipeline_byke_items.py","logger":"airflow.models.dagbag.DagBag"}
{"timestamp":"2025-08-17T09:27:28.478991","level":"info","event":"Filling up the DagBag from /opt/airflow/dags/tiki_pipeline_byke_items.py","logger":"airflow.models.dagbag.DagBag"}
{"timestamp":"2025-08-17T09:27:58.866778","level":"info","event":"Filling up the DagBag from /opt/airflow/dags/tiki_pipeline_byke_items.py","logger":"airflow.models.dagbag.DagBag"}
{"timestamp":"2025-08-17T09:28:29.190476","level":"info","event":"Filling up the DagBag from /opt/airflow/dags/tiki_pipeline_byke_items.py","logger":"airflow.models.dagbag.DagBag"}
{"timestamp":"2025-08-17T09:28:40.882579","level":"info","event":"Filling up the DagBag from /opt/airflow/dags/tiki_pipeline_byke_items.py","logger":"airflow.models.dagbag.DagBag"}
{"timestamp":"2025-08-17T09:28:43.157389","level":"info","event":"Filling up the DagBag from /opt/airflow/dags/tiki_pipeline_byke_items.py","logger":"airflow.models.dagbag.DagBag"}
{"timestamp":"2025-08-17T09:28:56.606598","level":"info","event":"Filling up the DagBag from /opt/airflow/dags/tiki_pipeline_byke_items.py","logger":"airflow.models.dagbag.DagBag"}
{"timestamp":"2025-08-17T09:29:26.899019","level":"info","event":"Filling up the DagBag from /opt/airflow/dags/tiki_pipeline_byke_items.py","logger":"airflow.models.dagbag.DagBag"}
{"timestamp":"2025-08-17T09:29:57.230418","level":"info","event":"Filling up the DagBag from /opt/airflow/dags/tiki_pipeline_byke_items.py","logger":"airflow.models.dagbag.DagBag"}
{"timestamp":"2025-08-17T09:30:27.494106","level":"info","event":"Filling up the DagBag from /opt/airflow/dags/tiki_pipeline_byke_items.py","logger":"airflow.models.dagbag.DagBag"}
{"timestamp":"2025-08-17T09:30:57.760595","level":"info","event":"Filling up the DagBag from /opt/airflow/dags/tiki_pipeline_byke_items.py","logger":"airflow.models.dagbag.DagBag"}
{"timestamp":"2025-08-17T09:31:28.075042","level":"info","event":"Filling up the DagBag from /opt/airflow/dags/tiki_pipeline_byke_items.py","logger":"airflow.models.dagbag.DagBag"}
{"timestamp":"2025-08-17T09:31:58.377343","level":"info","event":"Filling up the DagBag from /opt/airflow/dags/tiki_pipeline_byke_items.py","logger":"airflow.models.dagbag.DagBag"}
{"timestamp":"2025-08-17T09:31:58.481441","level":"error","event":"Failed to import: /opt/airflow/dags/tiki_pipeline_byke_items.py","logger":"airflow.models.dagbag.DagBag","error_detail":[{"exc_type":"TypeError","exc_value":"Can't instantiate abstract class ShopeeETL without an implementation for abstract method 'load'","exc_notes":[],"syntax_error":null,"is_cause":false,"frames":[{"filename":"/home/airflow/.local/lib/python3.12/site-packages/airflow/models/dagbag.py","lineno":394,"name":"parse"},{"filename":"<frozen importlib._bootstrap_external>","lineno":999,"name":"exec_module"},{"filename":"<frozen importlib._bootstrap>","lineno":488,"name":"_call_with_frames_removed"},{"filename":"/opt/airflow/dags/tiki_pipeline_byke_items.py","lineno":31,"name":"<module>"}],"is_group":false,"exceptions":[]}]}
{"timestamp":"2025-08-17T09:32:28.887050","level":"info","event":"Filling up the DagBag from /opt/airflow/dags/tiki_pipeline_byke_items.py","logger":"airflow.models.dagbag.DagBag"}
{"timestamp":"2025-08-17T09:32:59.137280","level":"info","event":"Filling up the DagBag from /opt/airflow/dags/tiki_pipeline_byke_items.py","logger":"airflow.models.dagbag.DagBag"}
{"timestamp":"2025-08-17T09:33:29.651429","level":"info","event":"Filling up the DagBag from /opt/airflow/dags/tiki_pipeline_byke_items.py","logger":"airflow.models.dagbag.DagBag"}
{"timestamp":"2025-08-17T09:34:00.102247","level":"info","event":"Filling up the DagBag from /opt/airflow/dags/tiki_pipeline_byke_items.py","logger":"airflow.models.dagbag.DagBag"}
{"timestamp":"2025-08-17T09:34:30.328235","level":"info","event":"Filling up the DagBag from /opt/airflow/dags/tiki_pipeline_byke_items.py","logger":"airflow.models.dagbag.DagBag"}
{"timestamp":"2025-08-17T09:35:00.605804","level":"info","event":"Filling up the DagBag from /opt/airflow/dags/tiki_pipeline_byke_items.py","logger":"airflow.models.dagbag.DagBag"}
{"timestamp":"2025-08-17T09:35:30.988637","level":"info","event":"Filling up the DagBag from /opt/airflow/dags/tiki_pipeline_byke_items.py","logger":"airflow.models.dagbag.DagBag"}
{"timestamp":"2025-08-17T09:36:01.262968","level":"info","event":"Filling up the DagBag from /opt/airflow/dags/tiki_pipeline_byke_items.py","logger":"airflow.models.dagbag.DagBag"}
{"timestamp":"2025-08-17T09:36:31.871624","level":"info","event":"Filling up the DagBag from /opt/airflow/dags/tiki_pipeline_byke_items.py","logger":"airflow.models.dagbag.DagBag"}
{"timestamp":"2025-08-17T09:37:02.248040","level":"info","event":"Filling up the DagBag from /opt/airflow/dags/tiki_pipeline_byke_items.py","logger":"airflow.models.dagbag.DagBag"}
{"timestamp":"2025-08-17T09:37:32.566370","level":"info","event":"Filling up the DagBag from /opt/airflow/dags/tiki_pipeline_byke_items.py","logger":"airflow.models.dagbag.DagBag"}
{"timestamp":"2025-08-17T09:38:02.877673","level":"info","event":"Filling up the DagBag from /opt/airflow/dags/tiki_pipeline_byke_items.py","logger":"airflow.models.dagbag.DagBag"}
{"timestamp":"2025-08-17T09:38:33.181644","level":"info","event":"Filling up the DagBag from /opt/airflow/dags/tiki_pipeline_byke_items.py","logger":"airflow.models.dagbag.DagBag"}
{"timestamp":"2025-08-17T09:39:03.447818","level":"info","event":"Filling up the DagBag from /opt/airflow/dags/tiki_pipeline_byke_items.py","logger":"airflow.models.dagbag.DagBag"}
{"timestamp":"2025-08-17T09:39:33.631985","level":"info","event":"Filling up the DagBag from /opt/airflow/dags/tiki_pipeline_byke_items.py","logger":"airflow.models.dagbag.DagBag"}
{"timestamp":"2025-08-17T09:40:03.867320","level":"info","event":"Filling up the DagBag from /opt/airflow/dags/tiki_pipeline_byke_items.py","logger":"airflow.models.dagbag.DagBag"}
{"timestamp":"2025-08-17T09:40:34.910594","level":"info","event":"Filling up the DagBag from /opt/airflow/dags/tiki_pipeline_byke_items.py","logger":"airflow.models.dagbag.DagBag"}
{"timestamp":"2025-08-17T09:41:05.852730","level":"info","event":"Filling up the DagBag from /opt/airflow/dags/tiki_pipeline_byke_items.py","logger":"airflow.models.dagbag.DagBag"}
{"timestamp":"2025-08-17T09:41:36.948644","level":"info","event":"Filling up the DagBag from /opt/airflow/dags/tiki_pipeline_byke_items.py","logger":"airflow.models.dagbag.DagBag"}
{"timestamp":"2025-08-17T09:42:07.912650","level":"info","event":"Filling up the DagBag from /opt/airflow/dags/tiki_pipeline_byke_items.py","logger":"airflow.models.dagbag.DagBag"}
{"timestamp":"2025-08-17T09:42:38.923831","level":"info","event":"Filling up the DagBag from /opt/airflow/dags/tiki_pipeline_byke_items.py","logger":"airflow.models.dagbag.DagBag"}
{"timestamp":"2025-08-17T09:43:09.131975","level":"info","event":"Filling up the DagBag from /opt/airflow/dags/tiki_pipeline_byke_items.py","logger":"airflow.models.dagbag.DagBag"}
{"timestamp":"2025-08-17T09:43:40.081821","level":"info","event":"Filling up the DagBag from /opt/airflow/dags/tiki_pipeline_byke_items.py","logger":"airflow.models.dagbag.DagBag"}
{"timestamp":"2025-08-17T09:44:11.020309","level":"info","event":"Filling up the DagBag from /opt/airflow/dags/tiki_pipeline_byke_items.py","logger":"airflow.models.dagbag.DagBag"}
{"timestamp":"2025-08-17T09:44:41.937535","level":"info","event":"Filling up the DagBag from /opt/airflow/dags/tiki_pipeline_byke_items.py","logger":"airflow.models.dagbag.DagBag"}
{"timestamp":"2025-08-17T09:45:12.863989","level":"info","event":"Filling up the DagBag from /opt/airflow/dags/tiki_pipeline_byke_items.py","logger":"airflow.models.dagbag.DagBag"}
{"timestamp":"2025-08-17T09:45:43.985527","level":"info","event":"Filling up the DagBag from /opt/airflow/dags/tiki_pipeline_byke_items.py","logger":"airflow.models.dagbag.DagBag"}
{"timestamp":"2025-08-17T09:46:14.900390","level":"info","event":"Filling up the DagBag from /opt/airflow/dags/tiki_pipeline_byke_items.py","logger":"airflow.models.dagbag.DagBag"}
{"timestamp":"2025-08-17T09:46:45.908631","level":"info","event":"Filling up the DagBag from /opt/airflow/dags/tiki_pipeline_byke_items.py","logger":"airflow.models.dagbag.DagBag"}
{"timestamp":"2025-08-17T09:47:16.261063","level":"info","event":"Filling up the DagBag from /opt/airflow/dags/tiki_pipeline_byke_items.py","logger":"airflow.models.dagbag.DagBag"}
{"timestamp":"2025-08-17T09:47:47.350647","level":"info","event":"Filling up the DagBag from /opt/airflow/dags/tiki_pipeline_byke_items.py","logger":"airflow.models.dagbag.DagBag"}
{"timestamp":"2025-08-17T09:48:17.521081","level":"info","event":"Filling up the DagBag from /opt/airflow/dags/tiki_pipeline_byke_items.py","logger":"airflow.models.dagbag.DagBag"}
{"timestamp":"2025-08-17T09:48:48.625869","level":"info","event":"Filling up the DagBag from /opt/airflow/dags/tiki_pipeline_byke_items.py","logger":"airflow.models.dagbag.DagBag"}
{"timestamp":"2025-08-17T09:49:19.590122","level":"info","event":"Filling up the DagBag from /opt/airflow/dags/tiki_pipeline_byke_items.py","logger":"airflow.models.dagbag.DagBag"}
{"timestamp":"2025-08-17T09:49:50.513321","level":"info","event":"Filling up the DagBag from /opt/airflow/dags/tiki_pipeline_byke_items.py","logger":"airflow.models.dagbag.DagBag"}
{"timestamp":"2025-08-17T09:50:21.444769","level":"info","event":"Filling up the DagBag from /opt/airflow/dags/tiki_pipeline_byke_items.py","logger":"airflow.models.dagbag.DagBag"}
{"timestamp":"2025-08-17T09:50:52.463894","level":"info","event":"Filling up the DagBag from /opt/airflow/dags/tiki_pipeline_byke_items.py","logger":"airflow.models.dagbag.DagBag"}
{"timestamp":"2025-08-17T09:51:22.771619","level":"info","event":"Filling up the DagBag from /opt/airflow/dags/tiki_pipeline_byke_items.py","logger":"airflow.models.dagbag.DagBag"}
{"timestamp":"2025-08-17T09:51:53.880849","level":"info","event":"Filling up the DagBag from /opt/airflow/dags/tiki_pipeline_byke_items.py","logger":"airflow.models.dagbag.DagBag"}
{"timestamp":"2025-08-17T09:52:24.732929","level":"info","event":"Filling up the DagBag from /opt/airflow/dags/tiki_pipeline_byke_items.py","logger":"airflow.models.dagbag.DagBag"}
{"timestamp":"2025-08-17T09:52:55.697984","level":"info","event":"Filling up the DagBag from /opt/airflow/dags/tiki_pipeline_byke_items.py","logger":"airflow.models.dagbag.DagBag"}
{"timestamp":"2025-08-17T09:53:25.905462","level":"info","event":"Filling up the DagBag from /opt/airflow/dags/tiki_pipeline_byke_items.py","logger":"airflow.models.dagbag.DagBag"}
{"timestamp":"2025-08-17T09:53:58.090434","level":"info","event":"Filling up the DagBag from /opt/airflow/dags/tiki_pipeline_byke_items.py","logger":"airflow.models.dagbag.DagBag"}
{"timestamp":"2025-08-17T09:54:29.072135","level":"info","event":"Filling up the DagBag from /opt/airflow/dags/tiki_pipeline_byke_items.py","logger":"airflow.models.dagbag.DagBag"}
{"timestamp":"2025-08-17T09:54:59.396739","level":"info","event":"Filling up the DagBag from /opt/airflow/dags/tiki_pipeline_byke_items.py","logger":"airflow.models.dagbag.DagBag"}
{"timestamp":"2025-08-17T09:55:30.429704","level":"info","event":"Filling up the DagBag from /opt/airflow/dags/tiki_pipeline_byke_items.py","logger":"airflow.models.dagbag.DagBag"}
{"timestamp":"2025-08-17T09:56:00.660075","level":"info","event":"Filling up the DagBag from /opt/airflow/dags/tiki_pipeline_byke_items.py","logger":"airflow.models.dagbag.DagBag"}
{"timestamp":"2025-08-17T09:56:30.973700","level":"info","event":"Filling up the DagBag from /opt/airflow/dags/tiki_pipeline_byke_items.py","logger":"airflow.models.dagbag.DagBag"}
{"timestamp":"2025-08-17T09:57:01.262386","level":"info","event":"Filling up the DagBag from /opt/airflow/dags/tiki_pipeline_byke_items.py","logger":"airflow.models.dagbag.DagBag"}
{"timestamp":"2025-08-17T09:57:31.533043","level":"info","event":"Filling up the DagBag from /opt/airflow/dags/tiki_pipeline_byke_items.py","logger":"airflow.models.dagbag.DagBag"}
{"timestamp":"2025-08-17T09:58:02.701342","level":"info","event":"Filling up the DagBag from /opt/airflow/dags/tiki_pipeline_byke_items.py","logger":"airflow.models.dagbag.DagBag"}
{"timestamp":"2025-08-17T09:58:32.856388","level":"info","event":"Filling up the DagBag from /opt/airflow/dags/tiki_pipeline_byke_items.py","logger":"airflow.models.dagbag.DagBag"}
{"timestamp":"2025-08-17T09:59:03.057781","level":"info","event":"Filling up the DagBag from /opt/airflow/dags/tiki_pipeline_byke_items.py","logger":"airflow.models.dagbag.DagBag"}
{"timestamp":"2025-08-17T09:59:34.192560","level":"info","event":"Filling up the DagBag from /opt/airflow/dags/tiki_pipeline_byke_items.py","logger":"airflow.models.dagbag.DagBag"}
{"timestamp":"2025-08-17T10:00:05.214009","level":"info","event":"Filling up the DagBag from /opt/airflow/dags/tiki_pipeline_byke_items.py","logger":"airflow.models.dagbag.DagBag"}
{"timestamp":"2025-08-17T10:00:36.225567","level":"info","event":"Filling up the DagBag from /opt/airflow/dags/tiki_pipeline_byke_items.py","logger":"airflow.models.dagbag.DagBag"}
{"timestamp":"2025-08-17T10:01:07.327592","level":"info","event":"Filling up the DagBag from /opt/airflow/dags/tiki_pipeline_byke_items.py","logger":"airflow.models.dagbag.DagBag"}
{"timestamp":"2025-08-17T10:01:38.330692","level":"info","event":"Filling up the DagBag from /opt/airflow/dags/tiki_pipeline_byke_items.py","logger":"airflow.models.dagbag.DagBag"}
{"timestamp":"2025-08-17T10:02:09.315684","level":"info","event":"Filling up the DagBag from /opt/airflow/dags/tiki_pipeline_byke_items.py","logger":"airflow.models.dagbag.DagBag"}
{"timestamp":"2025-08-17T10:02:40.618641","level":"info","event":"Filling up the DagBag from /opt/airflow/dags/tiki_pipeline_byke_items.py","logger":"airflow.models.dagbag.DagBag"}
{"timestamp":"2025-08-17T10:03:10.906386","level":"info","event":"Filling up the DagBag from /opt/airflow/dags/tiki_pipeline_byke_items.py","logger":"airflow.models.dagbag.DagBag"}
{"timestamp":"2025-08-17T10:03:41.791600","level":"info","event":"Filling up the DagBag from /opt/airflow/dags/tiki_pipeline_byke_items.py","logger":"airflow.models.dagbag.DagBag"}
{"timestamp":"2025-08-17T10:04:12.704841","level":"info","event":"Filling up the DagBag from /opt/airflow/dags/tiki_pipeline_byke_items.py","logger":"airflow.models.dagbag.DagBag"}
{"timestamp":"2025-08-17T10:04:43.764640","level":"info","event":"Filling up the DagBag from /opt/airflow/dags/tiki_pipeline_byke_items.py","logger":"airflow.models.dagbag.DagBag"}
{"timestamp":"2025-08-17T10:04:47.096661","level":"info","event":"Filling up the DagBag from /opt/airflow/dags/tiki_pipeline_byke_items.py","logger":"airflow.models.dagbag.DagBag"}
{"timestamp":"2025-08-17T10:05:17.369244","level":"info","event":"Filling up the DagBag from /opt/airflow/dags/tiki_pipeline_byke_items.py","logger":"airflow.models.dagbag.DagBag"}
{"timestamp":"2025-08-17T10:05:48.476449","level":"info","event":"Filling up the DagBag from /opt/airflow/dags/tiki_pipeline_byke_items.py","logger":"airflow.models.dagbag.DagBag"}
{"timestamp":"2025-08-17T10:06:19.505294","level":"info","event":"Filling up the DagBag from /opt/airflow/dags/tiki_pipeline_byke_items.py","logger":"airflow.models.dagbag.DagBag"}
{"timestamp":"2025-08-17T10:06:50.485360","level":"info","event":"Filling up the DagBag from /opt/airflow/dags/tiki_pipeline_byke_items.py","logger":"airflow.models.dagbag.DagBag"}
{"timestamp":"2025-08-17T10:07:21.514316","level":"info","event":"Filling up the DagBag from /opt/airflow/dags/tiki_pipeline_byke_items.py","logger":"airflow.models.dagbag.DagBag"}
{"timestamp":"2025-08-17T10:07:52.664467","level":"info","event":"Filling up the DagBag from /opt/airflow/dags/tiki_pipeline_byke_items.py","logger":"airflow.models.dagbag.DagBag"}
{"timestamp":"2025-08-17T10:07:59.073411","level":"info","event":"Filling up the DagBag from /opt/airflow/dags/tiki_pipeline_byke_items.py","logger":"airflow.models.dagbag.DagBag"}
{"timestamp":"2025-08-17T10:08:30.179277","level":"info","event":"Filling up the DagBag from /opt/airflow/dags/tiki_pipeline_byke_items.py","logger":"airflow.models.dagbag.DagBag"}
{"timestamp":"2025-08-17T10:09:00.459304","level":"info","event":"Filling up the DagBag from /opt/airflow/dags/tiki_pipeline_byke_items.py","logger":"airflow.models.dagbag.DagBag"}
{"timestamp":"2025-08-17T10:09:31.542462","level":"info","event":"Filling up the DagBag from /opt/airflow/dags/tiki_pipeline_byke_items.py","logger":"airflow.models.dagbag.DagBag"}
{"timestamp":"2025-08-17T10:09:33.708676","level":"info","event":"Filling up the DagBag from /opt/airflow/dags/tiki_pipeline_byke_items.py","logger":"airflow.models.dagbag.DagBag"}
{"timestamp":"2025-08-17T10:09:51.686871","level":"info","event":"Filling up the DagBag from /opt/airflow/dags/tiki_pipeline_byke_items.py","logger":"airflow.models.dagbag.DagBag"}
{"timestamp":"2025-08-17T10:10:21.842168","level":"info","event":"Filling up the DagBag from /opt/airflow/dags/tiki_pipeline_byke_items.py","logger":"airflow.models.dagbag.DagBag"}
{"timestamp":"2025-08-17T10:10:52.003906","level":"info","event":"Filling up the DagBag from /opt/airflow/dags/tiki_pipeline_byke_items.py","logger":"airflow.models.dagbag.DagBag"}
{"timestamp":"2025-08-17T10:11:23.146817","level":"info","event":"Filling up the DagBag from /opt/airflow/dags/tiki_pipeline_byke_items.py","logger":"airflow.models.dagbag.DagBag"}
{"timestamp":"2025-08-17T10:11:54.332177","level":"info","event":"Filling up the DagBag from /opt/airflow/dags/tiki_pipeline_byke_items.py","logger":"airflow.models.dagbag.DagBag"}
{"timestamp":"2025-08-17T10:12:25.438315","level":"info","event":"Filling up the DagBag from /opt/airflow/dags/tiki_pipeline_byke_items.py","logger":"airflow.models.dagbag.DagBag"}
{"timestamp":"2025-08-17T10:12:56.436139","level":"info","event":"Filling up the DagBag from /opt/airflow/dags/tiki_pipeline_byke_items.py","logger":"airflow.models.dagbag.DagBag"}
{"timestamp":"2025-08-17T10:13:27.395422","level":"info","event":"Filling up the DagBag from /opt/airflow/dags/tiki_pipeline_byke_items.py","logger":"airflow.models.dagbag.DagBag"}
{"timestamp":"2025-08-17T10:13:57.533836","level":"info","event":"Filling up the DagBag from /opt/airflow/dags/tiki_pipeline_byke_items.py","logger":"airflow.models.dagbag.DagBag"}
{"timestamp":"2025-08-17T10:14:28.656901","level":"info","event":"Filling up the DagBag from /opt/airflow/dags/tiki_pipeline_byke_items.py","logger":"airflow.models.dagbag.DagBag"}
{"timestamp":"2025-08-17T10:14:58.803170","level":"info","event":"Filling up the DagBag from /opt/airflow/dags/tiki_pipeline_byke_items.py","logger":"airflow.models.dagbag.DagBag"}
{"timestamp":"2025-08-17T10:15:29.931509","level":"info","event":"Filling up the DagBag from /opt/airflow/dags/tiki_pipeline_byke_items.py","logger":"airflow.models.dagbag.DagBag"}
{"timestamp":"2025-08-17T10:16:00.102628","level":"info","event":"Filling up the DagBag from /opt/airflow/dags/tiki_pipeline_byke_items.py","logger":"airflow.models.dagbag.DagBag"}
{"timestamp":"2025-08-17T10:16:31.006323","level":"info","event":"Filling up the DagBag from /opt/airflow/dags/tiki_pipeline_byke_items.py","logger":"airflow.models.dagbag.DagBag"}
{"timestamp":"2025-08-17T10:17:01.185463","level":"info","event":"Filling up the DagBag from /opt/airflow/dags/tiki_pipeline_byke_items.py","logger":"airflow.models.dagbag.DagBag"}
{"timestamp":"2025-08-17T10:17:31.445638","level":"info","event":"Filling up the DagBag from /opt/airflow/dags/tiki_pipeline_byke_items.py","logger":"airflow.models.dagbag.DagBag"}
{"timestamp":"2025-08-17T10:18:01.913628","level":"info","event":"Filling up the DagBag from /opt/airflow/dags/tiki_pipeline_byke_items.py","logger":"airflow.models.dagbag.DagBag"}
{"timestamp":"2025-08-17T10:18:32.908805","level":"info","event":"Filling up the DagBag from /opt/airflow/dags/tiki_pipeline_byke_items.py","logger":"airflow.models.dagbag.DagBag"}
{"timestamp":"2025-08-17T10:19:03.919615","level":"info","event":"Filling up the DagBag from /opt/airflow/dags/tiki_pipeline_byke_items.py","logger":"airflow.models.dagbag.DagBag"}
{"timestamp":"2025-08-17T10:19:35.026490","level":"info","event":"Filling up the DagBag from /opt/airflow/dags/tiki_pipeline_byke_items.py","logger":"airflow.models.dagbag.DagBag"}
{"timestamp":"2025-08-17T10:20:06.025093","level":"info","event":"Filling up the DagBag from /opt/airflow/dags/tiki_pipeline_byke_items.py","logger":"airflow.models.dagbag.DagBag"}
{"timestamp":"2025-08-17T10:20:37.028262","level":"info","event":"Filling up the DagBag from /opt/airflow/dags/tiki_pipeline_byke_items.py","logger":"airflow.models.dagbag.DagBag"}
{"timestamp":"2025-08-17T10:21:08.034632","level":"info","event":"Filling up the DagBag from /opt/airflow/dags/tiki_pipeline_byke_items.py","logger":"airflow.models.dagbag.DagBag"}
{"timestamp":"2025-08-17T10:21:39.209140","level":"info","event":"Filling up the DagBag from /opt/airflow/dags/tiki_pipeline_byke_items.py","logger":"airflow.models.dagbag.DagBag"}
{"timestamp":"2025-08-17T10:22:10.428539","level":"info","event":"Filling up the DagBag from /opt/airflow/dags/tiki_pipeline_byke_items.py","logger":"airflow.models.dagbag.DagBag"}
{"timestamp":"2025-08-17T10:22:40.566373","level":"info","event":"Filling up the DagBag from /opt/airflow/dags/tiki_pipeline_byke_items.py","logger":"airflow.models.dagbag.DagBag"}
{"timestamp":"2025-08-17T10:23:11.741916","level":"info","event":"Filling up the DagBag from /opt/airflow/dags/tiki_pipeline_byke_items.py","logger":"airflow.models.dagbag.DagBag"}
{"timestamp":"2025-08-17T10:23:42.004692","level":"info","event":"Filling up the DagBag from /opt/airflow/dags/tiki_pipeline_byke_items.py","logger":"airflow.models.dagbag.DagBag"}
{"timestamp":"2025-08-17T10:24:12.165964","level":"info","event":"Filling up the DagBag from /opt/airflow/dags/tiki_pipeline_byke_items.py","logger":"airflow.models.dagbag.DagBag"}
{"timestamp":"2025-08-17T10:24:43.262332","level":"info","event":"Filling up the DagBag from /opt/airflow/dags/tiki_pipeline_byke_items.py","logger":"airflow.models.dagbag.DagBag"}
{"timestamp":"2025-08-17T10:25:14.399981","level":"info","event":"Filling up the DagBag from /opt/airflow/dags/tiki_pipeline_byke_items.py","logger":"airflow.models.dagbag.DagBag"}
{"timestamp":"2025-08-17T10:25:44.795878","level":"info","event":"Filling up the DagBag from /opt/airflow/dags/tiki_pipeline_byke_items.py","logger":"airflow.models.dagbag.DagBag"}
{"timestamp":"2025-08-17T10:26:15.801450","level":"info","event":"Filling up the DagBag from /opt/airflow/dags/tiki_pipeline_byke_items.py","logger":"airflow.models.dagbag.DagBag"}
{"timestamp":"2025-08-17T10:26:46.806669","level":"info","event":"Filling up the DagBag from /opt/airflow/dags/tiki_pipeline_byke_items.py","logger":"airflow.models.dagbag.DagBag"}
{"timestamp":"2025-08-17T10:27:17.852450","level":"info","event":"Filling up the DagBag from /opt/airflow/dags/tiki_pipeline_byke_items.py","logger":"airflow.models.dagbag.DagBag"}
{"timestamp":"2025-08-17T10:27:48.022940","level":"info","event":"Filling up the DagBag from /opt/airflow/dags/tiki_pipeline_byke_items.py","logger":"airflow.models.dagbag.DagBag"}
{"timestamp":"2025-08-17T10:28:18.169464","level":"info","event":"Filling up the DagBag from /opt/airflow/dags/tiki_pipeline_byke_items.py","logger":"airflow.models.dagbag.DagBag"}
{"timestamp":"2025-08-17T10:28:49.283609","level":"info","event":"Filling up the DagBag from /opt/airflow/dags/tiki_pipeline_byke_items.py","logger":"airflow.models.dagbag.DagBag"}
{"timestamp":"2025-08-17T10:29:19.440239","level":"info","event":"Filling up the DagBag from /opt/airflow/dags/tiki_pipeline_byke_items.py","logger":"airflow.models.dagbag.DagBag"}
{"timestamp":"2025-08-17T10:29:50.659789","level":"info","event":"Filling up the DagBag from /opt/airflow/dags/tiki_pipeline_byke_items.py","logger":"airflow.models.dagbag.DagBag"}
{"timestamp":"2025-08-17T10:30:21.770598","level":"info","event":"Filling up the DagBag from /opt/airflow/dags/tiki_pipeline_byke_items.py","logger":"airflow.models.dagbag.DagBag"}
{"timestamp":"2025-08-17T10:30:51.943097","level":"info","event":"Filling up the DagBag from /opt/airflow/dags/tiki_pipeline_byke_items.py","logger":"airflow.models.dagbag.DagBag"}
{"timestamp":"2025-08-17T10:31:23.067842","level":"info","event":"Filling up the DagBag from /opt/airflow/dags/tiki_pipeline_byke_items.py","logger":"airflow.models.dagbag.DagBag"}
{"timestamp":"2025-08-17T10:31:53.242231","level":"info","event":"Filling up the DagBag from /opt/airflow/dags/tiki_pipeline_byke_items.py","logger":"airflow.models.dagbag.DagBag"}
{"timestamp":"2025-08-17T10:32:24.461544","level":"info","event":"Filling up the DagBag from /opt/airflow/dags/tiki_pipeline_byke_items.py","logger":"airflow.models.dagbag.DagBag"}
{"timestamp":"2025-08-17T10:32:54.724819","level":"info","event":"Filling up the DagBag from /opt/airflow/dags/tiki_pipeline_byke_items.py","logger":"airflow.models.dagbag.DagBag"}
{"timestamp":"2025-08-17T10:33:24.893393","level":"info","event":"Filling up the DagBag from /opt/airflow/dags/tiki_pipeline_byke_items.py","logger":"airflow.models.dagbag.DagBag"}
{"timestamp":"2025-08-17T10:33:55.949838","level":"info","event":"Filling up the DagBag from /opt/airflow/dags/tiki_pipeline_byke_items.py","logger":"airflow.models.dagbag.DagBag"}
{"timestamp":"2025-08-17T10:34:26.255305","level":"info","event":"Filling up the DagBag from /opt/airflow/dags/tiki_pipeline_byke_items.py","logger":"airflow.models.dagbag.DagBag"}
{"timestamp":"2025-08-17T10:34:57.363614","level":"info","event":"Filling up the DagBag from /opt/airflow/dags/tiki_pipeline_byke_items.py","logger":"airflow.models.dagbag.DagBag"}
{"timestamp":"2025-08-17T10:35:27.610134","level":"info","event":"Filling up the DagBag from /opt/airflow/dags/tiki_pipeline_byke_items.py","logger":"airflow.models.dagbag.DagBag"}
{"timestamp":"2025-08-17T10:35:58.801474","level":"info","event":"Filling up the DagBag from /opt/airflow/dags/tiki_pipeline_byke_items.py","logger":"airflow.models.dagbag.DagBag"}
{"timestamp":"2025-08-17T10:36:29.107803","level":"info","event":"Filling up the DagBag from /opt/airflow/dags/tiki_pipeline_byke_items.py","logger":"airflow.models.dagbag.DagBag"}
{"timestamp":"2025-08-17T10:37:00.324289","level":"info","event":"Filling up the DagBag from /opt/airflow/dags/tiki_pipeline_byke_items.py","logger":"airflow.models.dagbag.DagBag"}
{"timestamp":"2025-08-17T10:37:31.441293","level":"info","event":"Filling up the DagBag from /opt/airflow/dags/tiki_pipeline_byke_items.py","logger":"airflow.models.dagbag.DagBag"}
{"timestamp":"2025-08-17T10:38:02.480593","level":"info","event":"Filling up the DagBag from /opt/airflow/dags/tiki_pipeline_byke_items.py","logger":"airflow.models.dagbag.DagBag"}
{"timestamp":"2025-08-17T10:38:33.495344","level":"info","event":"Filling up the DagBag from /opt/airflow/dags/tiki_pipeline_byke_items.py","logger":"airflow.models.dagbag.DagBag"}
{"timestamp":"2025-08-17T10:39:03.809030","level":"info","event":"Filling up the DagBag from /opt/airflow/dags/tiki_pipeline_byke_items.py","logger":"airflow.models.dagbag.DagBag"}
{"timestamp":"2025-08-17T10:39:34.003619","level":"info","event":"Filling up the DagBag from /opt/airflow/dags/tiki_pipeline_byke_items.py","logger":"airflow.models.dagbag.DagBag"}
{"timestamp":"2025-08-17T10:40:04.193157","level":"info","event":"Filling up the DagBag from /opt/airflow/dags/tiki_pipeline_byke_items.py","logger":"airflow.models.dagbag.DagBag"}
{"timestamp":"2025-08-17T10:40:34.468215","level":"info","event":"Filling up the DagBag from /opt/airflow/dags/tiki_pipeline_byke_items.py","logger":"airflow.models.dagbag.DagBag"}
{"timestamp":"2025-08-17T10:41:05.500126","level":"info","event":"Filling up the DagBag from /opt/airflow/dags/tiki_pipeline_byke_items.py","logger":"airflow.models.dagbag.DagBag"}
{"timestamp":"2025-08-17T10:41:36.453692","level":"info","event":"Filling up the DagBag from /opt/airflow/dags/tiki_pipeline_byke_items.py","logger":"airflow.models.dagbag.DagBag"}
{"timestamp":"2025-08-17T10:42:07.446814","level":"info","event":"Filling up the DagBag from /opt/airflow/dags/tiki_pipeline_byke_items.py","logger":"airflow.models.dagbag.DagBag"}
{"timestamp":"2025-08-17T10:42:37.713654","level":"info","event":"Filling up the DagBag from /opt/airflow/dags/tiki_pipeline_byke_items.py","logger":"airflow.models.dagbag.DagBag"}
{"timestamp":"2025-08-17T10:43:08.836444","level":"info","event":"Filling up the DagBag from /opt/airflow/dags/tiki_pipeline_byke_items.py","logger":"airflow.models.dagbag.DagBag"}
{"timestamp":"2025-08-17T10:43:39.054948","level":"info","event":"Filling up the DagBag from /opt/airflow/dags/tiki_pipeline_byke_items.py","logger":"airflow.models.dagbag.DagBag"}
{"timestamp":"2025-08-17T10:44:09.393336","level":"info","event":"Filling up the DagBag from /opt/airflow/dags/tiki_pipeline_byke_items.py","logger":"airflow.models.dagbag.DagBag"}
{"timestamp":"2025-08-17T10:44:39.724478","level":"info","event":"Filling up the DagBag from /opt/airflow/dags/tiki_pipeline_byke_items.py","logger":"airflow.models.dagbag.DagBag"}
{"timestamp":"2025-08-17T10:45:10.032112","level":"info","event":"Filling up the DagBag from /opt/airflow/dags/tiki_pipeline_byke_items.py","logger":"airflow.models.dagbag.DagBag"}
{"timestamp":"2025-08-17T10:45:41.088629","level":"info","event":"Filling up the DagBag from /opt/airflow/dags/tiki_pipeline_byke_items.py","logger":"airflow.models.dagbag.DagBag"}
{"timestamp":"2025-08-17T10:46:11.232618","level":"info","event":"Filling up the DagBag from /opt/airflow/dags/tiki_pipeline_byke_items.py","logger":"airflow.models.dagbag.DagBag"}
{"timestamp":"2025-08-17T10:46:41.399143","level":"info","event":"Filling up the DagBag from /opt/airflow/dags/tiki_pipeline_byke_items.py","logger":"airflow.models.dagbag.DagBag"}
{"timestamp":"2025-08-17T10:47:11.597979","level":"info","event":"Filling up the DagBag from /opt/airflow/dags/tiki_pipeline_byke_items.py","logger":"airflow.models.dagbag.DagBag"}
{"timestamp":"2025-08-17T10:47:41.861865","level":"info","event":"Filling up the DagBag from /opt/airflow/dags/tiki_pipeline_byke_items.py","logger":"airflow.models.dagbag.DagBag"}
{"timestamp":"2025-08-17T10:48:13.005473","level":"info","event":"Filling up the DagBag from /opt/airflow/dags/tiki_pipeline_byke_items.py","logger":"airflow.models.dagbag.DagBag"}
{"timestamp":"2025-08-17T10:48:43.396684","level":"info","event":"Filling up the DagBag from /opt/airflow/dags/tiki_pipeline_byke_items.py","logger":"airflow.models.dagbag.DagBag"}
{"timestamp":"2025-08-17T10:49:13.588979","level":"info","event":"Filling up the DagBag from /opt/airflow/dags/tiki_pipeline_byke_items.py","logger":"airflow.models.dagbag.DagBag"}
{"timestamp":"2025-08-17T10:49:43.737913","level":"info","event":"Filling up the DagBag from /opt/airflow/dags/tiki_pipeline_byke_items.py","logger":"airflow.models.dagbag.DagBag"}
{"timestamp":"2025-08-17T10:50:13.908296","level":"info","event":"Filling up the DagBag from /opt/airflow/dags/tiki_pipeline_byke_items.py","logger":"airflow.models.dagbag.DagBag"}
{"timestamp":"2025-08-17T10:50:44.998011","level":"info","event":"Filling up the DagBag from /opt/airflow/dags/tiki_pipeline_byke_items.py","logger":"airflow.models.dagbag.DagBag"}
{"timestamp":"2025-08-17T10:51:15.145415","level":"info","event":"Filling up the DagBag from /opt/airflow/dags/tiki_pipeline_byke_items.py","logger":"airflow.models.dagbag.DagBag"}
{"timestamp":"2025-08-17T10:51:45.307747","level":"info","event":"Filling up the DagBag from /opt/airflow/dags/tiki_pipeline_byke_items.py","logger":"airflow.models.dagbag.DagBag"}
{"timestamp":"2025-08-17T10:52:16.368962","level":"info","event":"Filling up the DagBag from /opt/airflow/dags/tiki_pipeline_byke_items.py","logger":"airflow.models.dagbag.DagBag"}
{"timestamp":"2025-08-17T10:52:46.532988","level":"info","event":"Filling up the DagBag from /opt/airflow/dags/tiki_pipeline_byke_items.py","logger":"airflow.models.dagbag.DagBag"}
{"timestamp":"2025-08-17T10:53:16.679614","level":"info","event":"Filling up the DagBag from /opt/airflow/dags/tiki_pipeline_byke_items.py","logger":"airflow.models.dagbag.DagBag"}
{"timestamp":"2025-08-17T10:53:46.818010","level":"info","event":"Filling up the DagBag from /opt/airflow/dags/tiki_pipeline_byke_items.py","logger":"airflow.models.dagbag.DagBag"}
{"timestamp":"2025-08-17T10:54:16.959334","level":"info","event":"Filling up the DagBag from /opt/airflow/dags/tiki_pipeline_byke_items.py","logger":"airflow.models.dagbag.DagBag"}
{"timestamp":"2025-08-17T10:54:47.160480","level":"info","event":"Filling up the DagBag from /opt/airflow/dags/tiki_pipeline_byke_items.py","logger":"airflow.models.dagbag.DagBag"}
{"timestamp":"2025-08-17T10:55:17.308461","level":"info","event":"Filling up the DagBag from /opt/airflow/dags/tiki_pipeline_byke_items.py","logger":"airflow.models.dagbag.DagBag"}
{"timestamp":"2025-08-17T10:55:47.463695","level":"info","event":"Filling up the DagBag from /opt/airflow/dags/tiki_pipeline_byke_items.py","logger":"airflow.models.dagbag.DagBag"}
{"timestamp":"2025-08-17T10:56:17.637864","level":"info","event":"Filling up the DagBag from /opt/airflow/dags/tiki_pipeline_byke_items.py","logger":"airflow.models.dagbag.DagBag"}
{"timestamp":"2025-08-17T10:56:47.783157","level":"info","event":"Filling up the DagBag from /opt/airflow/dags/tiki_pipeline_byke_items.py","logger":"airflow.models.dagbag.DagBag"}
{"timestamp":"2025-08-17T10:57:17.918194","level":"info","event":"Filling up the DagBag from /opt/airflow/dags/tiki_pipeline_byke_items.py","logger":"airflow.models.dagbag.DagBag"}
{"timestamp":"2025-08-17T10:57:48.183696","level":"info","event":"Filling up the DagBag from /opt/airflow/dags/tiki_pipeline_byke_items.py","logger":"airflow.models.dagbag.DagBag"}
{"timestamp":"2025-08-17T10:58:18.526229","level":"info","event":"Filling up the DagBag from /opt/airflow/dags/tiki_pipeline_byke_items.py","logger":"airflow.models.dagbag.DagBag"}
{"timestamp":"2025-08-17T10:58:48.866487","level":"info","event":"Filling up the DagBag from /opt/airflow/dags/tiki_pipeline_byke_items.py","logger":"airflow.models.dagbag.DagBag"}
{"timestamp":"2025-08-17T10:59:19.204584","level":"info","event":"Filling up the DagBag from /opt/airflow/dags/tiki_pipeline_byke_items.py","logger":"airflow.models.dagbag.DagBag"}
{"timestamp":"2025-08-17T10:59:49.475036","level":"info","event":"Filling up the DagBag from /opt/airflow/dags/tiki_pipeline_byke_items.py","logger":"airflow.models.dagbag.DagBag"}
{"timestamp":"2025-08-17T11:00:19.823357","level":"info","event":"Filling up the DagBag from /opt/airflow/dags/tiki_pipeline_byke_items.py","logger":"airflow.models.dagbag.DagBag"}
{"timestamp":"2025-08-17T11:00:50.034782","level":"info","event":"Filling up the DagBag from /opt/airflow/dags/tiki_pipeline_byke_items.py","logger":"airflow.models.dagbag.DagBag"}
{"timestamp":"2025-08-17T11:01:21.068351","level":"info","event":"Filling up the DagBag from /opt/airflow/dags/tiki_pipeline_byke_items.py","logger":"airflow.models.dagbag.DagBag"}
{"timestamp":"2025-08-17T11:01:52.101341","level":"info","event":"Filling up the DagBag from /opt/airflow/dags/tiki_pipeline_byke_items.py","logger":"airflow.models.dagbag.DagBag"}
{"timestamp":"2025-08-17T11:02:22.357033","level":"info","event":"Filling up the DagBag from /opt/airflow/dags/tiki_pipeline_byke_items.py","logger":"airflow.models.dagbag.DagBag"}
{"timestamp":"2025-08-17T11:02:52.737096","level":"info","event":"Filling up the DagBag from /opt/airflow/dags/tiki_pipeline_byke_items.py","logger":"airflow.models.dagbag.DagBag"}
{"timestamp":"2025-08-17T11:03:22.893216","level":"info","event":"Filling up the DagBag from /opt/airflow/dags/tiki_pipeline_byke_items.py","logger":"airflow.models.dagbag.DagBag"}
{"timestamp":"2025-08-17T11:03:53.031612","level":"info","event":"Filling up the DagBag from /opt/airflow/dags/tiki_pipeline_byke_items.py","logger":"airflow.models.dagbag.DagBag"}
{"timestamp":"2025-08-17T11:04:23.394639","level":"info","event":"Filling up the DagBag from /opt/airflow/dags/tiki_pipeline_byke_items.py","logger":"airflow.models.dagbag.DagBag"}
{"timestamp":"2025-08-17T11:04:53.674986","level":"info","event":"Filling up the DagBag from /opt/airflow/dags/tiki_pipeline_byke_items.py","logger":"airflow.models.dagbag.DagBag"}
{"timestamp":"2025-08-17T11:05:24.542217","level":"info","event":"Filling up the DagBag from /opt/airflow/dags/tiki_pipeline_byke_items.py","logger":"airflow.models.dagbag.DagBag"}
{"timestamp":"2025-08-17T11:05:55.546897","level":"info","event":"Filling up the DagBag from /opt/airflow/dags/tiki_pipeline_byke_items.py","logger":"airflow.models.dagbag.DagBag"}
{"timestamp":"2025-08-17T11:06:26.504038","level":"info","event":"Filling up the DagBag from /opt/airflow/dags/tiki_pipeline_byke_items.py","logger":"airflow.models.dagbag.DagBag"}
{"timestamp":"2025-08-17T11:06:57.431373","level":"info","event":"Filling up the DagBag from /opt/airflow/dags/tiki_pipeline_byke_items.py","logger":"airflow.models.dagbag.DagBag"}
{"timestamp":"2025-08-17T11:07:28.533691","level":"info","event":"Filling up the DagBag from /opt/airflow/dags/tiki_pipeline_byke_items.py","logger":"airflow.models.dagbag.DagBag"}
{"timestamp":"2025-08-17T11:07:59.635909","level":"info","event":"Filling up the DagBag from /opt/airflow/dags/tiki_pipeline_byke_items.py","logger":"airflow.models.dagbag.DagBag"}
{"timestamp":"2025-08-17T11:08:30.594193","level":"info","event":"Filling up the DagBag from /opt/airflow/dags/tiki_pipeline_byke_items.py","logger":"airflow.models.dagbag.DagBag"}
{"timestamp":"2025-08-17T11:09:01.570751","level":"info","event":"Filling up the DagBag from /opt/airflow/dags/tiki_pipeline_byke_items.py","logger":"airflow.models.dagbag.DagBag"}
{"timestamp":"2025-08-17T11:09:32.533373","level":"info","event":"Filling up the DagBag from /opt/airflow/dags/tiki_pipeline_byke_items.py","logger":"airflow.models.dagbag.DagBag"}
{"timestamp":"2025-08-17T11:10:02.794634","level":"info","event":"Filling up the DagBag from /opt/airflow/dags/tiki_pipeline_byke_items.py","logger":"airflow.models.dagbag.DagBag"}
{"timestamp":"2025-08-17T11:10:33.119558","level":"info","event":"Filling up the DagBag from /opt/airflow/dags/tiki_pipeline_byke_items.py","logger":"airflow.models.dagbag.DagBag"}
{"timestamp":"2025-08-17T11:11:04.256068","level":"info","event":"Filling up the DagBag from /opt/airflow/dags/tiki_pipeline_byke_items.py","logger":"airflow.models.dagbag.DagBag"}
{"timestamp":"2025-08-17T11:11:34.560058","level":"info","event":"Filling up the DagBag from /opt/airflow/dags/tiki_pipeline_byke_items.py","logger":"airflow.models.dagbag.DagBag"}
{"timestamp":"2025-08-17T11:12:04.748728","level":"info","event":"Filling up the DagBag from /opt/airflow/dags/tiki_pipeline_byke_items.py","logger":"airflow.models.dagbag.DagBag"}
{"timestamp":"2025-08-17T11:12:34.930379","level":"info","event":"Filling up the DagBag from /opt/airflow/dags/tiki_pipeline_byke_items.py","logger":"airflow.models.dagbag.DagBag"}
{"timestamp":"2025-08-17T11:13:05.987966","level":"info","event":"Filling up the DagBag from /opt/airflow/dags/tiki_pipeline_byke_items.py","logger":"airflow.models.dagbag.DagBag"}
{"timestamp":"2025-08-17T11:13:36.988292","level":"info","event":"Filling up the DagBag from /opt/airflow/dags/tiki_pipeline_byke_items.py","logger":"airflow.models.dagbag.DagBag"}
{"timestamp":"2025-08-17T11:14:07.171170","level":"info","event":"Filling up the DagBag from /opt/airflow/dags/tiki_pipeline_byke_items.py","logger":"airflow.models.dagbag.DagBag"}
{"timestamp":"2025-08-17T11:14:37.543810","level":"info","event":"Filling up the DagBag from /opt/airflow/dags/tiki_pipeline_byke_items.py","logger":"airflow.models.dagbag.DagBag"}
{"timestamp":"2025-08-17T11:15:08.688028","level":"info","event":"Filling up the DagBag from /opt/airflow/dags/tiki_pipeline_byke_items.py","logger":"airflow.models.dagbag.DagBag"}
{"timestamp":"2025-08-17T11:15:39.020267","level":"info","event":"Filling up the DagBag from /opt/airflow/dags/tiki_pipeline_byke_items.py","logger":"airflow.models.dagbag.DagBag"}
{"timestamp":"2025-08-17T11:16:10.121912","level":"info","event":"Filling up the DagBag from /opt/airflow/dags/tiki_pipeline_byke_items.py","logger":"airflow.models.dagbag.DagBag"}
