{"timestamp":"2025-08-07T17:37:21.864451","level":"info","event":"Filling up the DagBag from /opt/airflow/dags/crawl_shopee_put_in_db_schedule.py","logger":"airflow.models.dagbag.DagBag"}
{"timestamp":"2025-08-07T17:37:21.890536","level":"error","event":"Failed to import: /opt/airflow/dags/crawl_shopee_put_in_db_schedule.py","logger":"airflow.models.dagbag.DagBag","error_detail":[{"exc_type":"TypeError","exc_value":"DAG.__init__() got an unexpected keyword argument 'schedule_interval'","exc_notes":[],"syntax_error":null,"is_cause":false,"frames":[{"filename":"/home/airflow/.local/lib/python3.12/site-packages/airflow/models/dagbag.py","lineno":394,"name":"parse"},{"filename":"<frozen importlib._bootstrap_external>","lineno":999,"name":"exec_module"},{"filename":"<frozen importlib._bootstrap>","lineno":488,"name":"_call_with_frames_removed"},{"filename":"/opt/airflow/dags/crawl_shopee_put_in_db_schedule.py","lineno":15,"name":"<module>"}],"is_group":false,"exceptions":[]}]}
{"timestamp":"2025-08-07T17:37:52.415397","level":"info","event":"Filling up the DagBag from /opt/airflow/dags/crawl_shopee_put_in_db_schedule.py","logger":"airflow.models.dagbag.DagBag"}
{"timestamp":"2025-08-07T17:37:52.426543","level":"error","event":"Failed to import: /opt/airflow/dags/crawl_shopee_put_in_db_schedule.py","logger":"airflow.models.dagbag.DagBag","error_detail":[{"exc_type":"TypeError","exc_value":"DAG.__init__() got an unexpected keyword argument 'schedule_interval'","exc_notes":[],"syntax_error":null,"is_cause":false,"frames":[{"filename":"/home/airflow/.local/lib/python3.12/site-packages/airflow/models/dagbag.py","lineno":394,"name":"parse"},{"filename":"<frozen importlib._bootstrap_external>","lineno":999,"name":"exec_module"},{"filename":"<frozen importlib._bootstrap>","lineno":488,"name":"_call_with_frames_removed"},{"filename":"/opt/airflow/dags/crawl_shopee_put_in_db_schedule.py","lineno":15,"name":"<module>"}],"is_group":false,"exceptions":[]}]}
{"timestamp":"2025-08-07T17:37:59.684313","level":"info","event":"Filling up the DagBag from /opt/airflow/dags/crawl_shopee_put_in_db_schedule.py","logger":"airflow.models.dagbag.DagBag"}
{"timestamp":"2025-08-07T17:38:30.090482","level":"info","event":"Filling up the DagBag from /opt/airflow/dags/crawl_shopee_put_in_db_schedule.py","logger":"airflow.models.dagbag.DagBag"}
{"timestamp":"2025-08-07T17:39:00.623511","level":"info","event":"Filling up the DagBag from /opt/airflow/dags/crawl_shopee_put_in_db_schedule.py","logger":"airflow.models.dagbag.DagBag"}
{"timestamp":"2025-08-07T17:39:31.129879","level":"info","event":"Filling up the DagBag from /opt/airflow/dags/crawl_shopee_put_in_db_schedule.py","logger":"airflow.models.dagbag.DagBag"}
{"timestamp":"2025-08-07T17:40:01.667307","level":"info","event":"Filling up the DagBag from /opt/airflow/dags/crawl_shopee_put_in_db_schedule.py","logger":"airflow.models.dagbag.DagBag"}
{"timestamp":"2025-08-07T17:40:32.204898","level":"info","event":"Filling up the DagBag from /opt/airflow/dags/crawl_shopee_put_in_db_schedule.py","logger":"airflow.models.dagbag.DagBag"}
{"timestamp":"2025-08-07T17:41:02.780434","level":"info","event":"Filling up the DagBag from /opt/airflow/dags/crawl_shopee_put_in_db_schedule.py","logger":"airflow.models.dagbag.DagBag"}
{"timestamp":"2025-08-07T17:41:10.828804","level":"info","event":"Filling up the DagBag from /opt/airflow/dags/crawl_shopee_put_in_db_schedule.py","logger":"airflow.models.dagbag.DagBag"}
{"timestamp":"2025-08-07T17:41:11.973320","level":"info","event":"Filling up the DagBag from /opt/airflow/dags/crawl_shopee_put_in_db_schedule.py","logger":"airflow.models.dagbag.DagBag"}
{"timestamp":"2025-08-07T17:41:26.325869","level":"info","event":"Filling up the DagBag from /opt/airflow/dags/crawl_shopee_put_in_db_schedule.py","logger":"airflow.models.dagbag.DagBag"}
{"timestamp":"2025-08-07T17:41:45.713614","level":"info","event":"Filling up the DagBag from /opt/airflow/dags/crawl_shopee_put_in_db_schedule.py","logger":"airflow.models.dagbag.DagBag"}
{"timestamp":"2025-08-07T17:41:49.871027","level":"info","event":"Filling up the DagBag from /opt/airflow/dags/crawl_shopee_put_in_db_schedule.py","logger":"airflow.models.dagbag.DagBag"}
{"timestamp":"2025-08-07T17:42:20.494101","level":"info","event":"Filling up the DagBag from /opt/airflow/dags/crawl_shopee_put_in_db_schedule.py","logger":"airflow.models.dagbag.DagBag"}
{"timestamp":"2025-08-07T17:42:32.066143","level":"info","event":"Filling up the DagBag from /opt/airflow/dags/crawl_shopee_put_in_db_schedule.py","logger":"airflow.models.dagbag.DagBag"}
{"timestamp":"2025-08-07T17:42:32.099062","level":"error","event":"Failed to import: /opt/airflow/dags/crawl_shopee_put_in_db_schedule.py","logger":"airflow.models.dagbag.DagBag","error_detail":[{"exc_type":"IndentationError","exc_value":"expected an indented block after 'try' statement on line 68 (crawl_shopee_put_in_db_schedule.py, line 69)","exc_notes":[],"syntax_error":{"offset":0,"filename":"/opt/airflow/dags/crawl_shopee_put_in_db_schedule.py","line":"airflow_conn = BaseHook.get_connection(\"local_postgres\")  # tên conn_id trong Airflow UI\n","lineno":69,"msg":"expected an indented block after 'try' statement on line 68"},"is_cause":false,"frames":[{"filename":"/home/airflow/.local/lib/python3.12/site-packages/airflow/models/dagbag.py","lineno":394,"name":"parse"},{"filename":"<frozen importlib._bootstrap_external>","lineno":995,"name":"exec_module"},{"filename":"<frozen importlib._bootstrap_external>","lineno":1133,"name":"get_code"},{"filename":"<frozen importlib._bootstrap_external>","lineno":1063,"name":"source_to_code"},{"filename":"<frozen importlib._bootstrap>","lineno":488,"name":"_call_with_frames_removed"}],"is_group":false,"exceptions":[]}]}
{"timestamp":"2025-08-07T17:42:36.204117","level":"info","event":"Filling up the DagBag from /opt/airflow/dags/crawl_shopee_put_in_db_schedule.py","logger":"airflow.models.dagbag.DagBag"}
{"timestamp":"2025-08-07T17:42:36.244799","level":"error","event":"Failed to import: /opt/airflow/dags/crawl_shopee_put_in_db_schedule.py","logger":"airflow.models.dagbag.DagBag","error_detail":[{"exc_type":"IndentationError","exc_value":"expected an indented block after 'try' statement on line 68 (crawl_shopee_put_in_db_schedule.py, line 69)","exc_notes":[],"syntax_error":{"offset":5,"filename":"/opt/airflow/dags/crawl_shopee_put_in_db_schedule.py","line":"    airflow_conn = BaseHook.get_connection(\"local_postgres\")  # tên conn_id trong Airflow UI\n","lineno":69,"msg":"expected an indented block after 'try' statement on line 68"},"is_cause":false,"frames":[{"filename":"/home/airflow/.local/lib/python3.12/site-packages/airflow/models/dagbag.py","lineno":394,"name":"parse"},{"filename":"<frozen importlib._bootstrap_external>","lineno":995,"name":"exec_module"},{"filename":"<frozen importlib._bootstrap_external>","lineno":1133,"name":"get_code"},{"filename":"<frozen importlib._bootstrap_external>","lineno":1063,"name":"source_to_code"},{"filename":"<frozen importlib._bootstrap>","lineno":488,"name":"_call_with_frames_removed"}],"is_group":false,"exceptions":[]}]}
{"timestamp":"2025-08-07T17:42:39.369743","level":"info","event":"Filling up the DagBag from /opt/airflow/dags/crawl_shopee_put_in_db_schedule.py","logger":"airflow.models.dagbag.DagBag"}
{"timestamp":"2025-08-07T17:42:39.406802","level":"error","event":"Failed to import: /opt/airflow/dags/crawl_shopee_put_in_db_schedule.py","logger":"airflow.models.dagbag.DagBag","error_detail":[{"exc_type":"IndentationError","exc_value":"expected an indented block after 'try' statement on line 68 (crawl_shopee_put_in_db_schedule.py, line 69)","exc_notes":[],"syntax_error":{"offset":0,"filename":"/opt/airflow/dags/crawl_shopee_put_in_db_schedule.py","line":"airflow_conn = BaseHook.get_connection(\"local_postgres\")  # tên conn_id trong Airflow UI\n","lineno":69,"msg":"expected an indented block after 'try' statement on line 68"},"is_cause":false,"frames":[{"filename":"/home/airflow/.local/lib/python3.12/site-packages/airflow/models/dagbag.py","lineno":394,"name":"parse"},{"filename":"<frozen importlib._bootstrap_external>","lineno":995,"name":"exec_module"},{"filename":"<frozen importlib._bootstrap_external>","lineno":1133,"name":"get_code"},{"filename":"<frozen importlib._bootstrap_external>","lineno":1063,"name":"source_to_code"},{"filename":"<frozen importlib._bootstrap>","lineno":488,"name":"_call_with_frames_removed"}],"is_group":false,"exceptions":[]}]}
{"timestamp":"2025-08-07T17:42:42.434174","level":"info","event":"Filling up the DagBag from /opt/airflow/dags/crawl_shopee_put_in_db_schedule.py","logger":"airflow.models.dagbag.DagBag"}
{"timestamp":"2025-08-07T17:42:42.468877","level":"error","event":"Failed to import: /opt/airflow/dags/crawl_shopee_put_in_db_schedule.py","logger":"airflow.models.dagbag.DagBag","error_detail":[{"exc_type":"IndentationError","exc_value":"expected an indented block after 'try' statement on line 68 (crawl_shopee_put_in_db_schedule.py, line 69)","exc_notes":[],"syntax_error":{"offset":5,"filename":"/opt/airflow/dags/crawl_shopee_put_in_db_schedule.py","line":"    airflow_conn = BaseHook.get_connection(\"local_postgres\")  # tên conn_id trong Airflow UI\n","lineno":69,"msg":"expected an indented block after 'try' statement on line 68"},"is_cause":false,"frames":[{"filename":"/home/airflow/.local/lib/python3.12/site-packages/airflow/models/dagbag.py","lineno":394,"name":"parse"},{"filename":"<frozen importlib._bootstrap_external>","lineno":995,"name":"exec_module"},{"filename":"<frozen importlib._bootstrap_external>","lineno":1133,"name":"get_code"},{"filename":"<frozen importlib._bootstrap_external>","lineno":1063,"name":"source_to_code"},{"filename":"<frozen importlib._bootstrap>","lineno":488,"name":"_call_with_frames_removed"}],"is_group":false,"exceptions":[]}]}
{"timestamp":"2025-08-07T17:42:43.543886","level":"info","event":"Filling up the DagBag from /opt/airflow/dags/crawl_shopee_put_in_db_schedule.py","logger":"airflow.models.dagbag.DagBag"}
{"timestamp":"2025-08-07T17:43:14.390555","level":"info","event":"Filling up the DagBag from /opt/airflow/dags/crawl_shopee_put_in_db_schedule.py","logger":"airflow.models.dagbag.DagBag"}
{"timestamp":"2025-08-07T17:43:26.676266","level":"info","event":"Filling up the DagBag from /opt/airflow/dags/crawl_shopee_put_in_db_schedule.py","logger":"airflow.models.dagbag.DagBag"}
{"timestamp":"2025-08-07T17:43:27.787234","level":"info","event":"Filling up the DagBag from /opt/airflow/dags/crawl_shopee_put_in_db_schedule.py","logger":"airflow.models.dagbag.DagBag"}
{"timestamp":"2025-08-07T17:43:58.350778","level":"info","event":"Filling up the DagBag from /opt/airflow/dags/crawl_shopee_put_in_db_schedule.py","logger":"airflow.models.dagbag.DagBag"}
{"timestamp":"2025-08-07T17:44:29.270214","level":"info","event":"Filling up the DagBag from /opt/airflow/dags/crawl_shopee_put_in_db_schedule.py","logger":"airflow.models.dagbag.DagBag"}
{"timestamp":"2025-08-07T17:44:59.796230","level":"info","event":"Filling up the DagBag from /opt/airflow/dags/crawl_shopee_put_in_db_schedule.py","logger":"airflow.models.dagbag.DagBag"}
{"timestamp":"2025-08-07T17:45:30.565212","level":"info","event":"Filling up the DagBag from /opt/airflow/dags/crawl_shopee_put_in_db_schedule.py","logger":"airflow.models.dagbag.DagBag"}
{"timestamp":"2025-08-07T17:46:01.170999","level":"info","event":"Filling up the DagBag from /opt/airflow/dags/crawl_shopee_put_in_db_schedule.py","logger":"airflow.models.dagbag.DagBag"}
{"timestamp":"2025-08-07T17:46:16.718833","level":"info","event":"Filling up the DagBag from /opt/airflow/dags/crawl_shopee_put_in_db_schedule.py","logger":"airflow.models.dagbag.DagBag"}
{"timestamp":"2025-08-07T17:46:16.781530","level":"error","event":"Failed to bag_dag: /opt/airflow/dags/crawl_shopee_put_in_db_schedule.py","logger":"airflow.models.dagbag.DagBag","error_detail":[{"exc_type":"AirflowTimetableInvalid","exc_value":"Exactly 5, 6 or 7 columns has to be specified for iterator expression.","exc_notes":[],"syntax_error":null,"is_cause":false,"frames":[{"filename":"/home/airflow/.local/lib/python3.12/site-packages/airflow/models/dagbag.py","lineno":502,"name":"_process_modules"},{"filename":"/home/airflow/.local/lib/python3.12/site-packages/airflow/models/dag.py","lineno":437,"name":"validate"},{"filename":"/home/airflow/.local/lib/python3.12/site-packages/airflow/sdk/definitions/dag.py","lineno":606,"name":"validate"},{"filename":"/home/airflow/.local/lib/python3.12/site-packages/airflow/timetables/_cron.py","lineno":104,"name":"validate"}],"is_group":false,"exceptions":[]},{"exc_type":"CroniterBadCronError","exc_value":"Exactly 5, 6 or 7 columns has to be specified for iterator expression.","exc_notes":[],"syntax_error":null,"is_cause":false,"frames":[{"filename":"/home/airflow/.local/lib/python3.12/site-packages/airflow/timetables/_cron.py","lineno":102,"name":"validate"},{"filename":"/home/airflow/.local/lib/python3.12/site-packages/croniter/croniter.py","lineno":268,"name":"__init__"},{"filename":"/home/airflow/.local/lib/python3.12/site-packages/croniter/croniter.py","lineno":1113,"name":"expand"},{"filename":"/home/airflow/.local/lib/python3.12/site-packages/croniter/croniter.py","lineno":852,"name":"_expand"}],"is_group":false,"exceptions":[]}]}
{"timestamp":"2025-08-07T17:46:44.453112","level":"info","event":"Filling up the DagBag from /opt/airflow/dags/crawl_shopee_put_in_db_schedule.py","logger":"airflow.models.dagbag.DagBag"}
{"timestamp":"2025-08-07T17:47:14.935904","level":"info","event":"Filling up the DagBag from /opt/airflow/dags/crawl_shopee_put_in_db_schedule.py","logger":"airflow.models.dagbag.DagBag"}
{"timestamp":"2025-08-07T17:47:45.458611","level":"info","event":"Filling up the DagBag from /opt/airflow/dags/crawl_shopee_put_in_db_schedule.py","logger":"airflow.models.dagbag.DagBag"}
{"timestamp":"2025-08-07T17:48:15.995864","level":"info","event":"Filling up the DagBag from /opt/airflow/dags/crawl_shopee_put_in_db_schedule.py","logger":"airflow.models.dagbag.DagBag"}
{"timestamp":"2025-08-07T17:48:46.576869","level":"info","event":"Filling up the DagBag from /opt/airflow/dags/crawl_shopee_put_in_db_schedule.py","logger":"airflow.models.dagbag.DagBag"}
{"timestamp":"2025-08-07T17:49:17.051424","level":"info","event":"Filling up the DagBag from /opt/airflow/dags/crawl_shopee_put_in_db_schedule.py","logger":"airflow.models.dagbag.DagBag"}
{"timestamp":"2025-08-07T17:49:47.607191","level":"info","event":"Filling up the DagBag from /opt/airflow/dags/crawl_shopee_put_in_db_schedule.py","logger":"airflow.models.dagbag.DagBag"}
{"timestamp":"2025-08-07T17:50:18.195749","level":"info","event":"Filling up the DagBag from /opt/airflow/dags/crawl_shopee_put_in_db_schedule.py","logger":"airflow.models.dagbag.DagBag"}
{"timestamp":"2025-08-07T17:50:32.441075","level":"info","event":"Filling up the DagBag from /opt/airflow/dags/crawl_shopee_put_in_db_schedule.py","logger":"airflow.models.dagbag.DagBag"}
{"timestamp":"2025-08-07T17:50:33.589446","level":"info","event":"Filling up the DagBag from /opt/airflow/dags/crawl_shopee_put_in_db_schedule.py","logger":"airflow.models.dagbag.DagBag"}
{"timestamp":"2025-08-07T17:50:34.760232","level":"info","event":"Filling up the DagBag from /opt/airflow/dags/crawl_shopee_put_in_db_schedule.py","logger":"airflow.models.dagbag.DagBag"}
{"timestamp":"2025-08-07T17:50:38.833814","level":"info","event":"Filling up the DagBag from /opt/airflow/dags/crawl_shopee_put_in_db_schedule.py","logger":"airflow.models.dagbag.DagBag"}
{"timestamp":"2025-08-07T17:50:46.336217","level":"info","event":"Filling up the DagBag from /opt/airflow/dags/crawl_shopee_put_in_db_schedule.py","logger":"airflow.models.dagbag.DagBag"}
{"timestamp":"2025-08-07T17:50:47.550768","level":"info","event":"Filling up the DagBag from /opt/airflow/dags/crawl_shopee_put_in_db_schedule.py","logger":"airflow.models.dagbag.DagBag"}
{"timestamp":"2025-08-07T17:51:18.129869","level":"info","event":"Filling up the DagBag from /opt/airflow/dags/crawl_shopee_put_in_db_schedule.py","logger":"airflow.models.dagbag.DagBag"}
{"timestamp":"2025-08-07T17:51:48.658734","level":"info","event":"Filling up the DagBag from /opt/airflow/dags/crawl_shopee_put_in_db_schedule.py","logger":"airflow.models.dagbag.DagBag"}
{"timestamp":"2025-08-07T17:52:19.163607","level":"info","event":"Filling up the DagBag from /opt/airflow/dags/crawl_shopee_put_in_db_schedule.py","logger":"airflow.models.dagbag.DagBag"}
{"timestamp":"2025-08-07T17:52:49.938080","level":"info","event":"Filling up the DagBag from /opt/airflow/dags/crawl_shopee_put_in_db_schedule.py","logger":"airflow.models.dagbag.DagBag"}
{"timestamp":"2025-08-07T17:53:20.431624","level":"info","event":"Filling up the DagBag from /opt/airflow/dags/crawl_shopee_put_in_db_schedule.py","logger":"airflow.models.dagbag.DagBag"}
{"timestamp":"2025-08-07T17:53:50.913454","level":"info","event":"Filling up the DagBag from /opt/airflow/dags/crawl_shopee_put_in_db_schedule.py","logger":"airflow.models.dagbag.DagBag"}
{"timestamp":"2025-08-07T17:54:21.401648","level":"info","event":"Filling up the DagBag from /opt/airflow/dags/crawl_shopee_put_in_db_schedule.py","logger":"airflow.models.dagbag.DagBag"}
{"timestamp":"2025-08-07T17:54:51.873071","level":"info","event":"Filling up the DagBag from /opt/airflow/dags/crawl_shopee_put_in_db_schedule.py","logger":"airflow.models.dagbag.DagBag"}
{"timestamp":"2025-08-07T17:55:22.401225","level":"info","event":"Filling up the DagBag from /opt/airflow/dags/crawl_shopee_put_in_db_schedule.py","logger":"airflow.models.dagbag.DagBag"}
{"timestamp":"2025-08-07T17:55:52.895181","level":"info","event":"Filling up the DagBag from /opt/airflow/dags/crawl_shopee_put_in_db_schedule.py","logger":"airflow.models.dagbag.DagBag"}
{"timestamp":"2025-08-07T17:56:23.551200","level":"info","event":"Filling up the DagBag from /opt/airflow/dags/crawl_shopee_put_in_db_schedule.py","logger":"airflow.models.dagbag.DagBag"}
{"timestamp":"2025-08-07T17:56:54.081857","level":"info","event":"Filling up the DagBag from /opt/airflow/dags/crawl_shopee_put_in_db_schedule.py","logger":"airflow.models.dagbag.DagBag"}
{"timestamp":"2025-08-07T17:57:24.638661","level":"info","event":"Filling up the DagBag from /opt/airflow/dags/crawl_shopee_put_in_db_schedule.py","logger":"airflow.models.dagbag.DagBag"}
