{"timestamp":"2025-07-13T04:53:43.007180","level":"info","event":"DAG bundles loaded: dags-folder, example_dags","logger":"airflow.dag_processing.bundles.manager.DagBundlesManager"}
{"timestamp":"2025-07-13T04:53:43.007750","level":"info","event":"Filling up the DagBag from /home/airflow/.local/lib/python3.12/site-packages/airflow/example_dags/tutorial.py","logger":"airflow.models.dagbag.DagBag"}
{"timestamp":"2025-07-13T04:53:43.029803Z","level":"info","event":"Task instance is in running state","chan":"stdout","logger":"task"}
{"timestamp":"2025-07-13T04:53:43.030255Z","level":"info","event":" Previous state of the Task instance: TaskInstanceState.QUEUED","chan":"stdout","logger":"task"}
{"timestamp":"2025-07-13T04:53:43.032820Z","level":"info","event":"Current task name:templated","chan":"stdout","logger":"task"}
{"timestamp":"2025-07-13T04:53:43.033160Z","level":"info","event":"Dag name:tutorial","chan":"stdout","logger":"task"}
{"timestamp":"2025-07-13T04:53:43.018366","level":"info","event":"Tmp dir root location: /tmp","logger":"airflow.task.hooks.airflow.providers.standard.hooks.subprocess.SubprocessHook"}
{"timestamp":"2025-07-13T04:53:43.019402","level":"info","event":"Running command: ['/usr/bin/bash', '-c', '\\n\\n    echo \"2025-07-13\"\\n    echo \"2025-07-20\"\\n\\n    echo \"2025-07-13\"\\n    echo \"2025-07-20\"\\n\\n    echo \"2025-07-13\"\\n    echo \"2025-07-20\"\\n\\n    echo \"2025-07-13\"\\n    echo \"2025-07-20\"\\n\\n    echo \"2025-07-13\"\\n    echo \"2025-07-20\"\\n']","logger":"airflow.task.hooks.airflow.providers.standard.hooks.subprocess.SubprocessHook"}
{"timestamp":"2025-07-13T04:53:43.028822","level":"info","event":"Output:","logger":"airflow.task.hooks.airflow.providers.standard.hooks.subprocess.SubprocessHook"}
{"timestamp":"2025-07-13T04:53:43.030394","level":"info","event":"2025-07-13","logger":"airflow.task.hooks.airflow.providers.standard.hooks.subprocess.SubprocessHook"}
{"timestamp":"2025-07-13T04:53:43.030484","level":"info","event":"2025-07-20","logger":"airflow.task.hooks.airflow.providers.standard.hooks.subprocess.SubprocessHook"}
{"timestamp":"2025-07-13T04:53:43.030524","level":"info","event":"2025-07-13","logger":"airflow.task.hooks.airflow.providers.standard.hooks.subprocess.SubprocessHook"}
{"timestamp":"2025-07-13T04:53:43.030564","level":"info","event":"2025-07-20","logger":"airflow.task.hooks.airflow.providers.standard.hooks.subprocess.SubprocessHook"}
{"timestamp":"2025-07-13T04:53:43.030615","level":"info","event":"2025-07-13","logger":"airflow.task.hooks.airflow.providers.standard.hooks.subprocess.SubprocessHook"}
{"timestamp":"2025-07-13T04:53:43.030651","level":"info","event":"2025-07-20","logger":"airflow.task.hooks.airflow.providers.standard.hooks.subprocess.SubprocessHook"}
{"timestamp":"2025-07-13T04:53:43.030685","level":"info","event":"2025-07-13","logger":"airflow.task.hooks.airflow.providers.standard.hooks.subprocess.SubprocessHook"}
{"timestamp":"2025-07-13T04:53:43.030721","level":"info","event":"2025-07-20","logger":"airflow.task.hooks.airflow.providers.standard.hooks.subprocess.SubprocessHook"}
{"timestamp":"2025-07-13T04:53:43.030769","level":"info","event":"2025-07-13","logger":"airflow.task.hooks.airflow.providers.standard.hooks.subprocess.SubprocessHook"}
{"timestamp":"2025-07-13T04:53:43.030805","level":"info","event":"2025-07-20","logger":"airflow.task.hooks.airflow.providers.standard.hooks.subprocess.SubprocessHook"}
{"timestamp":"2025-07-13T04:53:43.030914","level":"info","event":"Command exited with return code 0","logger":"airflow.task.hooks.airflow.providers.standard.hooks.subprocess.SubprocessHook"}
{"timestamp":"2025-07-13T04:53:43.031484","level":"info","event":"Pushing xcom","ti":"RuntimeTaskInstance(id=UUID('01980221-adfc-792e-a371-adfb0040cdd1'), task_id='templated', dag_id='tutorial', run_id='scheduled__2025-07-13T04:53:30.603679+00:00', try_number=1, map_index=-1, hostname='96c8eae196b9', context_carrier={}, task=<Task(BashOperator): templated>, bundle_instance=LocalDagBundle(name=example_dags), max_tries=1, start_date=datetime.datetime(2025, 7, 13, 4, 53, 42, 658721, tzinfo=TzInfo(UTC)), end_date=None, state=<TaskInstanceState.RUNNING: 'running'>, is_mapped=False, rendered_map_index=None)","logger":"task"}
{"timestamp":"2025-07-13T04:53:43.054387Z","level":"info","event":"Task instance in success state","chan":"stdout","logger":"task"}
{"timestamp":"2025-07-13T04:53:43.054744Z","level":"info","event":" Previous state of the Task instance: TaskInstanceState.RUNNING","chan":"stdout","logger":"task"}
{"timestamp":"2025-07-13T04:53:43.054937Z","level":"info","event":"Task operator:<Task(BashOperator): templated>","chan":"stdout","logger":"task"}
