{"timestamp":"2025-08-11T09:04:41.417123","level":"info","event":"Filling up the DagBag from /opt/airflow/dags/shopee_pipeline_dag.py","logger":"airflow.models.dagbag.DagBag"}
{"timestamp":"2025-08-11T09:04:41.470801","level":"error","event":"Failed to import: /opt/airflow/dags/shopee_pipeline_dag.py","logger":"airflow.models.dagbag.DagBag","error_detail":[{"exc_type":"TypeError","exc_value":"DAG.__init__() got an unexpected keyword argument 'schedule_interval'","exc_notes":[],"syntax_error":null,"is_cause":false,"frames":[{"filename":"/home/airflow/.local/lib/python3.12/site-packages/airflow/models/dagbag.py","lineno":394,"name":"parse"},{"filename":"<frozen importlib._bootstrap_external>","lineno":999,"name":"exec_module"},{"filename":"<frozen importlib._bootstrap>","lineno":488,"name":"_call_with_frames_removed"},{"filename":"/opt/airflow/dags/shopee_pipeline_dag.py","lineno":90,"name":"<module>"}],"is_group":false,"exceptions":[]}]}
{"timestamp":"2025-08-11T09:05:12.865145","level":"info","event":"Filling up the DagBag from /opt/airflow/dags/shopee_pipeline_dag.py","logger":"airflow.models.dagbag.DagBag"}
{"timestamp":"2025-08-11T09:05:12.875662","level":"error","event":"Failed to import: /opt/airflow/dags/shopee_pipeline_dag.py","logger":"airflow.models.dagbag.DagBag","error_detail":[{"exc_type":"TypeError","exc_value":"DAG.__init__() got an unexpected keyword argument 'schedule_interval'","exc_notes":[],"syntax_error":null,"is_cause":false,"frames":[{"filename":"/home/airflow/.local/lib/python3.12/site-packages/airflow/models/dagbag.py","lineno":394,"name":"parse"},{"filename":"<frozen importlib._bootstrap_external>","lineno":999,"name":"exec_module"},{"filename":"<frozen importlib._bootstrap>","lineno":488,"name":"_call_with_frames_removed"},{"filename":"/opt/airflow/dags/shopee_pipeline_dag.py","lineno":90,"name":"<module>"}],"is_group":false,"exceptions":[]}]}
{"timestamp":"2025-08-11T09:05:43.043239","level":"info","event":"Filling up the DagBag from /opt/airflow/dags/shopee_pipeline_dag.py","logger":"airflow.models.dagbag.DagBag"}
{"timestamp":"2025-08-11T09:05:43.050505","level":"error","event":"Failed to import: /opt/airflow/dags/shopee_pipeline_dag.py","logger":"airflow.models.dagbag.DagBag","error_detail":[{"exc_type":"TypeError","exc_value":"DAG.__init__() got an unexpected keyword argument 'schedule_interval'","exc_notes":[],"syntax_error":null,"is_cause":false,"frames":[{"filename":"/home/airflow/.local/lib/python3.12/site-packages/airflow/models/dagbag.py","lineno":394,"name":"parse"},{"filename":"<frozen importlib._bootstrap_external>","lineno":999,"name":"exec_module"},{"filename":"<frozen importlib._bootstrap>","lineno":488,"name":"_call_with_frames_removed"},{"filename":"/opt/airflow/dags/shopee_pipeline_dag.py","lineno":90,"name":"<module>"}],"is_group":false,"exceptions":[]}]}
{"timestamp":"2025-08-11T09:06:05.223717","level":"info","event":"Filling up the DagBag from /opt/airflow/dags/shopee_pipeline_dag.py","logger":"airflow.models.dagbag.DagBag"}
{"timestamp":"2025-08-11T09:06:07.515396","level":"info","event":"Filling up the DagBag from /opt/airflow/dags/shopee_pipeline_dag.py","logger":"airflow.models.dagbag.DagBag"}
{"timestamp":"2025-08-11T09:06:38.406394","level":"info","event":"Filling up the DagBag from /opt/airflow/dags/shopee_pipeline_dag.py","logger":"airflow.models.dagbag.DagBag"}
{"timestamp":"2025-08-11T09:07:08.804729","level":"info","event":"Filling up the DagBag from /opt/airflow/dags/shopee_pipeline_dag.py","logger":"airflow.models.dagbag.DagBag"}
{"timestamp":"2025-08-11T09:07:39.153745","level":"info","event":"Filling up the DagBag from /opt/airflow/dags/shopee_pipeline_dag.py","logger":"airflow.models.dagbag.DagBag"}
{"timestamp":"2025-08-11T09:08:09.888748","level":"info","event":"Filling up the DagBag from /opt/airflow/dags/shopee_pipeline_dag.py","logger":"airflow.models.dagbag.DagBag"}
{"timestamp":"2025-08-11T09:08:40.014898","level":"info","event":"Filling up the DagBag from /opt/airflow/dags/shopee_pipeline_dag.py","logger":"airflow.models.dagbag.DagBag"}
{"timestamp":"2025-08-11T09:09:10.461049","level":"info","event":"Filling up the DagBag from /opt/airflow/dags/shopee_pipeline_dag.py","logger":"airflow.models.dagbag.DagBag"}
{"timestamp":"2025-08-11T09:09:43.837929","level":"info","event":"Filling up the DagBag from /opt/airflow/dags/shopee_pipeline_dag.py","logger":"airflow.models.dagbag.DagBag"}
{"timestamp":"2025-08-11T09:10:15.664078","level":"info","event":"Filling up the DagBag from /opt/airflow/dags/shopee_pipeline_dag.py","logger":"airflow.models.dagbag.DagBag"}
{"timestamp":"2025-08-11T09:10:48.908226","level":"info","event":"Filling up the DagBag from /opt/airflow/dags/shopee_pipeline_dag.py","logger":"airflow.models.dagbag.DagBag"}
{"timestamp":"2025-08-11T09:11:21.207383","level":"info","event":"Filling up the DagBag from /opt/airflow/dags/shopee_pipeline_dag.py","logger":"airflow.models.dagbag.DagBag"}
{"timestamp":"2025-08-11T09:11:53.623270","level":"info","event":"Filling up the DagBag from /opt/airflow/dags/shopee_pipeline_dag.py","logger":"airflow.models.dagbag.DagBag"}
{"timestamp":"2025-08-11T09:12:27.044579","level":"info","event":"Filling up the DagBag from /opt/airflow/dags/shopee_pipeline_dag.py","logger":"airflow.models.dagbag.DagBag"}
{"timestamp":"2025-08-11T09:12:59.347993","level":"info","event":"Filling up the DagBag from /opt/airflow/dags/shopee_pipeline_dag.py","logger":"airflow.models.dagbag.DagBag"}
{"timestamp":"2025-08-11T09:13:31.858452","level":"info","event":"Filling up the DagBag from /opt/airflow/dags/shopee_pipeline_dag.py","logger":"airflow.models.dagbag.DagBag"}
{"timestamp":"2025-08-11T09:14:04.674438","level":"info","event":"Filling up the DagBag from /opt/airflow/dags/shopee_pipeline_dag.py","logger":"airflow.models.dagbag.DagBag"}
{"timestamp":"2025-08-11T09:14:36.900652","level":"info","event":"Filling up the DagBag from /opt/airflow/dags/shopee_pipeline_dag.py","logger":"airflow.models.dagbag.DagBag"}
{"timestamp":"2025-08-11T09:15:00.494119","level":"info","event":"Filling up the DagBag from /opt/airflow/dags/shopee_pipeline_dag.py","logger":"airflow.models.dagbag.DagBag"}
{"timestamp":"2025-08-11T09:15:05.676927","level":"info","event":"Filling up the DagBag from /opt/airflow/dags/shopee_pipeline_dag.py","logger":"airflow.models.dagbag.DagBag"}
{"timestamp":"2025-08-11T09:15:09.825571","level":"info","event":"Filling up the DagBag from /opt/airflow/dags/shopee_pipeline_dag.py","logger":"airflow.models.dagbag.DagBag"}
{"timestamp":"2025-08-11T09:15:09.860293","level":"error","event":"Failed to import: /opt/airflow/dags/shopee_pipeline_dag.py","logger":"airflow.models.dagbag.DagBag","error_detail":[{"exc_type":"NameError","exc_value":"name 'im' is not defined","exc_notes":[],"syntax_error":null,"is_cause":false,"frames":[{"filename":"/home/airflow/.local/lib/python3.12/site-packages/airflow/models/dagbag.py","lineno":394,"name":"parse"},{"filename":"<frozen importlib._bootstrap_external>","lineno":999,"name":"exec_module"},{"filename":"<frozen importlib._bootstrap>","lineno":488,"name":"_call_with_frames_removed"},{"filename":"/opt/airflow/dags/shopee_pipeline_dag.py","lineno":8,"name":"<module>"}],"is_group":false,"exceptions":[]}]}
{"timestamp":"2025-08-11T09:15:27.115794","level":"info","event":"Filling up the DagBag from /opt/airflow/dags/shopee_pipeline_dag.py","logger":"airflow.models.dagbag.DagBag"}
{"timestamp":"2025-08-11T09:15:30.283094","level":"info","event":"Filling up the DagBag from /opt/airflow/dags/shopee_pipeline_dag.py","logger":"airflow.models.dagbag.DagBag"}
{"timestamp":"2025-08-11T09:15:32.466479","level":"info","event":"Filling up the DagBag from /opt/airflow/dags/shopee_pipeline_dag.py","logger":"airflow.models.dagbag.DagBag"}
{"timestamp":"2025-08-11T09:15:33.626076","level":"info","event":"Filling up the DagBag from /opt/airflow/dags/shopee_pipeline_dag.py","logger":"airflow.models.dagbag.DagBag"}
{"timestamp":"2025-08-11T09:16:04.237728","level":"info","event":"Filling up the DagBag from /opt/airflow/dags/shopee_pipeline_dag.py","logger":"airflow.models.dagbag.DagBag"}
{"timestamp":"2025-08-11T09:16:34.463386","level":"info","event":"Filling up the DagBag from /opt/airflow/dags/shopee_pipeline_dag.py","logger":"airflow.models.dagbag.DagBag"}
{"timestamp":"2025-08-11T09:17:04.814644","level":"info","event":"Filling up the DagBag from /opt/airflow/dags/shopee_pipeline_dag.py","logger":"airflow.models.dagbag.DagBag"}
{"timestamp":"2025-08-11T09:17:35.141081","level":"info","event":"Filling up the DagBag from /opt/airflow/dags/shopee_pipeline_dag.py","logger":"airflow.models.dagbag.DagBag"}
{"timestamp":"2025-08-11T09:18:05.423641","level":"info","event":"Filling up the DagBag from /opt/airflow/dags/shopee_pipeline_dag.py","logger":"airflow.models.dagbag.DagBag"}
{"timestamp":"2025-08-11T09:18:35.727239","level":"info","event":"Filling up the DagBag from /opt/airflow/dags/shopee_pipeline_dag.py","logger":"airflow.models.dagbag.DagBag"}
{"timestamp":"2025-08-11T09:19:06.020148","level":"info","event":"Filling up the DagBag from /opt/airflow/dags/shopee_pipeline_dag.py","logger":"airflow.models.dagbag.DagBag"}
{"timestamp":"2025-08-11T09:19:36.263147","level":"info","event":"Filling up the DagBag from /opt/airflow/dags/shopee_pipeline_dag.py","logger":"airflow.models.dagbag.DagBag"}
{"timestamp":"2025-08-11T09:20:06.605646","level":"info","event":"Filling up the DagBag from /opt/airflow/dags/shopee_pipeline_dag.py","logger":"airflow.models.dagbag.DagBag"}
{"timestamp":"2025-08-11T09:20:36.958499","level":"info","event":"Filling up the DagBag from /opt/airflow/dags/shopee_pipeline_dag.py","logger":"airflow.models.dagbag.DagBag"}
{"timestamp":"2025-08-11T09:20:46.155762","level":"info","event":"Filling up the DagBag from /opt/airflow/dags/shopee_pipeline_dag.py","logger":"airflow.models.dagbag.DagBag"}
{"timestamp":"2025-08-11T09:21:16.482730","level":"info","event":"Filling up the DagBag from /opt/airflow/dags/shopee_pipeline_dag.py","logger":"airflow.models.dagbag.DagBag"}
{"timestamp":"2025-08-11T09:21:46.915790","level":"info","event":"Filling up the DagBag from /opt/airflow/dags/shopee_pipeline_dag.py","logger":"airflow.models.dagbag.DagBag"}
{"timestamp":"2025-08-11T09:22:17.426227","level":"info","event":"Filling up the DagBag from /opt/airflow/dags/shopee_pipeline_dag.py","logger":"airflow.models.dagbag.DagBag"}
{"timestamp":"2025-08-11T09:22:47.753325","level":"info","event":"Filling up the DagBag from /opt/airflow/dags/shopee_pipeline_dag.py","logger":"airflow.models.dagbag.DagBag"}
{"timestamp":"2025-08-11T09:22:57.959794","level":"info","event":"Filling up the DagBag from /opt/airflow/dags/shopee_pipeline_dag.py","logger":"airflow.models.dagbag.DagBag"}
{"timestamp":"2025-08-11T09:23:28.334887","level":"info","event":"Filling up the DagBag from /opt/airflow/dags/shopee_pipeline_dag.py","logger":"airflow.models.dagbag.DagBag"}
{"timestamp":"2025-08-11T09:23:36.496294","level":"info","event":"Filling up the DagBag from /opt/airflow/dags/shopee_pipeline_dag.py","logger":"airflow.models.dagbag.DagBag"}
{"timestamp":"2025-08-11T09:23:38.689234","level":"info","event":"Filling up the DagBag from /opt/airflow/dags/shopee_pipeline_dag.py","logger":"airflow.models.dagbag.DagBag"}
{"timestamp":"2025-08-11T09:23:43.879505","level":"info","event":"Filling up the DagBag from /opt/airflow/dags/shopee_pipeline_dag.py","logger":"airflow.models.dagbag.DagBag"}
{"timestamp":"2025-08-11T09:23:45.063980","level":"info","event":"Filling up the DagBag from /opt/airflow/dags/shopee_pipeline_dag.py","logger":"airflow.models.dagbag.DagBag"}
{"timestamp":"2025-08-11T09:23:47.234633","level":"info","event":"Filling up the DagBag from /opt/airflow/dags/shopee_pipeline_dag.py","logger":"airflow.models.dagbag.DagBag"}
{"timestamp":"2025-08-11T09:23:53.374109","level":"info","event":"Filling up the DagBag from /opt/airflow/dags/shopee_pipeline_dag.py","logger":"airflow.models.dagbag.DagBag"}
{"timestamp":"2025-08-11T09:23:58.558563","level":"info","event":"Filling up the DagBag from /opt/airflow/dags/shopee_pipeline_dag.py","logger":"airflow.models.dagbag.DagBag"}
{"timestamp":"2025-08-11T09:24:04.728730","level":"info","event":"Filling up the DagBag from /opt/airflow/dags/shopee_pipeline_dag.py","logger":"airflow.models.dagbag.DagBag"}
{"timestamp":"2025-08-11T09:24:35.152111","level":"info","event":"Filling up the DagBag from /opt/airflow/dags/shopee_pipeline_dag.py","logger":"airflow.models.dagbag.DagBag"}
{"timestamp":"2025-08-11T09:25:05.520315","level":"info","event":"Filling up the DagBag from /opt/airflow/dags/shopee_pipeline_dag.py","logger":"airflow.models.dagbag.DagBag"}
{"timestamp":"2025-08-11T09:25:34.818310","level":"info","event":"Filling up the DagBag from /opt/airflow/dags/shopee_pipeline_dag.py","logger":"airflow.models.dagbag.DagBag"}
{"timestamp":"2025-08-11T09:25:57.179803","level":"info","event":"Filling up the DagBag from /opt/airflow/dags/shopee_pipeline_dag.py","logger":"airflow.models.dagbag.DagBag"}
{"timestamp":"2025-08-11T09:25:57.225571","level":"warning","event":"invalid escape sequence '\\/'","category":"SyntaxWarning","filename":"/opt/airflow/dags/shopee_pipeline_dag.py","lineno":11,"logger":"py.warnings"}
{"timestamp":"2025-08-11T09:25:59.334709","level":"info","event":"Filling up the DagBag from /opt/airflow/dags/shopee_pipeline_dag.py","logger":"airflow.models.dagbag.DagBag"}
{"timestamp":"2025-08-11T09:26:06.569863","level":"info","event":"Filling up the DagBag from /opt/airflow/dags/shopee_pipeline_dag.py","logger":"airflow.models.dagbag.DagBag"}
{"timestamp":"2025-08-11T09:26:36.966137","level":"info","event":"Filling up the DagBag from /opt/airflow/dags/shopee_pipeline_dag.py","logger":"airflow.models.dagbag.DagBag"}
{"timestamp":"2025-08-11T09:27:08.027633","level":"info","event":"Filling up the DagBag from /opt/airflow/dags/shopee_pipeline_dag.py","logger":"airflow.models.dagbag.DagBag"}
{"timestamp":"2025-08-11T09:27:41.285514","level":"info","event":"Filling up the DagBag from /opt/airflow/dags/shopee_pipeline_dag.py","logger":"airflow.models.dagbag.DagBag"}
{"timestamp":"2025-08-11T09:28:08.906429","level":"info","event":"Filling up the DagBag from /opt/airflow/dags/shopee_pipeline_dag.py","logger":"airflow.models.dagbag.DagBag"}
{"timestamp":"2025-08-11T09:28:10.034549","level":"info","event":"Filling up the DagBag from /opt/airflow/dags/shopee_pipeline_dag.py","logger":"airflow.models.dagbag.DagBag"}
{"timestamp":"2025-08-11T09:28:35.611151","level":"info","event":"Filling up the DagBag from /opt/airflow/dags/shopee_pipeline_dag.py","logger":"airflow.models.dagbag.DagBag"}
{"timestamp":"2025-08-11T09:28:39.770545","level":"info","event":"Filling up the DagBag from /opt/airflow/dags/shopee_pipeline_dag.py","logger":"airflow.models.dagbag.DagBag"}
{"timestamp":"2025-08-11T09:28:40.869555","level":"info","event":"Filling up the DagBag from /opt/airflow/dags/shopee_pipeline_dag.py","logger":"airflow.models.dagbag.DagBag"}
{"timestamp":"2025-08-11T09:28:41.967964","level":"info","event":"Filling up the DagBag from /opt/airflow/dags/shopee_pipeline_dag.py","logger":"airflow.models.dagbag.DagBag"}
{"timestamp":"2025-08-11T09:29:12.390349","level":"info","event":"Filling up the DagBag from /opt/airflow/dags/shopee_pipeline_dag.py","logger":"airflow.models.dagbag.DagBag"}
{"timestamp":"2025-08-11T09:29:42.645032","level":"info","event":"Filling up the DagBag from /opt/airflow/dags/shopee_pipeline_dag.py","logger":"airflow.models.dagbag.DagBag"}
{"timestamp":"2025-08-11T09:30:12.997262","level":"info","event":"Filling up the DagBag from /opt/airflow/dags/shopee_pipeline_dag.py","logger":"airflow.models.dagbag.DagBag"}
{"timestamp":"2025-08-11T09:30:43.235932","level":"info","event":"Filling up the DagBag from /opt/airflow/dags/shopee_pipeline_dag.py","logger":"airflow.models.dagbag.DagBag"}
{"timestamp":"2025-08-11T09:31:13.616238","level":"info","event":"Filling up the DagBag from /opt/airflow/dags/shopee_pipeline_dag.py","logger":"airflow.models.dagbag.DagBag"}
{"timestamp":"2025-08-11T09:31:43.997347","level":"info","event":"Filling up the DagBag from /opt/airflow/dags/shopee_pipeline_dag.py","logger":"airflow.models.dagbag.DagBag"}
{"timestamp":"2025-08-11T09:32:14.320648","level":"info","event":"Filling up the DagBag from /opt/airflow/dags/shopee_pipeline_dag.py","logger":"airflow.models.dagbag.DagBag"}
{"timestamp":"2025-08-11T09:32:44.590934","level":"info","event":"Filling up the DagBag from /opt/airflow/dags/shopee_pipeline_dag.py","logger":"airflow.models.dagbag.DagBag"}
{"timestamp":"2025-08-11T09:33:01.862614","level":"info","event":"Filling up the DagBag from /opt/airflow/dags/shopee_pipeline_dag.py","logger":"airflow.models.dagbag.DagBag"}
{"timestamp":"2025-08-11T09:33:02.076007","level":"info","event":"Filling up the DagBag from /opt/airflow/dags/shopee_pipeline_dag.py","logger":"airflow.models.dagbag.DagBag"}
{"timestamp":"2025-08-11T09:33:02.227623","level":"info","event":"Filling up the DagBag from /opt/airflow/dags/shopee_pipeline_dag.py","logger":"airflow.models.dagbag.DagBag"}
{"timestamp":"2025-08-11T09:33:33.132419","level":"info","event":"Filling up the DagBag from /opt/airflow/dags/shopee_pipeline_dag.py","logger":"airflow.models.dagbag.DagBag"}
{"timestamp":"2025-08-11T09:34:03.843766","level":"info","event":"Filling up the DagBag from /opt/airflow/dags/shopee_pipeline_dag.py","logger":"airflow.models.dagbag.DagBag"}
{"timestamp":"2025-08-11T09:34:29.191501","level":"info","event":"Filling up the DagBag from /opt/airflow/dags/shopee_pipeline_dag.py","logger":"airflow.models.dagbag.DagBag"}
{"timestamp":"2025-08-11T09:34:59.627096","level":"info","event":"Filling up the DagBag from /opt/airflow/dags/shopee_pipeline_dag.py","logger":"airflow.models.dagbag.DagBag"}
{"timestamp":"2025-08-11T09:35:30.061555","level":"info","event":"Filling up the DagBag from /opt/airflow/dags/shopee_pipeline_dag.py","logger":"airflow.models.dagbag.DagBag"}
{"timestamp":"2025-08-11T09:36:00.952940","level":"info","event":"Filling up the DagBag from /opt/airflow/dags/shopee_pipeline_dag.py","logger":"airflow.models.dagbag.DagBag"}
{"timestamp":"2025-08-11T09:36:31.993974","level":"info","event":"Filling up the DagBag from /opt/airflow/dags/shopee_pipeline_dag.py","logger":"airflow.models.dagbag.DagBag"}
{"timestamp":"2025-08-11T09:36:39.209858","level":"info","event":"Filling up the DagBag from /opt/airflow/dags/shopee_pipeline_dag.py","logger":"airflow.models.dagbag.DagBag"}
{"timestamp":"2025-08-11T09:37:10.086774","level":"info","event":"Filling up the DagBag from /opt/airflow/dags/shopee_pipeline_dag.py","logger":"airflow.models.dagbag.DagBag"}
{"timestamp":"2025-08-11T09:37:41.072480","level":"info","event":"Filling up the DagBag from /opt/airflow/dags/shopee_pipeline_dag.py","logger":"airflow.models.dagbag.DagBag"}
{"timestamp":"2025-08-11T09:38:11.948111","level":"info","event":"Filling up the DagBag from /opt/airflow/dags/shopee_pipeline_dag.py","logger":"airflow.models.dagbag.DagBag"}
{"timestamp":"2025-08-11T09:38:42.908763","level":"info","event":"Filling up the DagBag from /opt/airflow/dags/shopee_pipeline_dag.py","logger":"airflow.models.dagbag.DagBag"}
{"timestamp":"2025-08-11T09:38:48.076334","level":"info","event":"Filling up the DagBag from /opt/airflow/dags/shopee_pipeline_dag.py","logger":"airflow.models.dagbag.DagBag"}
{"timestamp":"2025-08-11T09:39:18.219947","level":"info","event":"Filling up the DagBag from /opt/airflow/dags/shopee_pipeline_dag.py","logger":"airflow.models.dagbag.DagBag"}
{"timestamp":"2025-08-11T09:39:46.084371","level":"info","event":"Filling up the DagBag from /opt/airflow/dags/shopee_pipeline_dag.py","logger":"airflow.models.dagbag.DagBag"}
{"timestamp":"2025-08-11T09:39:49.298129","level":"info","event":"Filling up the DagBag from /opt/airflow/dags/shopee_pipeline_dag.py","logger":"airflow.models.dagbag.DagBag"}
{"timestamp":"2025-08-11T09:39:52.417924","level":"info","event":"Filling up the DagBag from /opt/airflow/dags/shopee_pipeline_dag.py","logger":"airflow.models.dagbag.DagBag"}
{"timestamp":"2025-08-11T09:39:55.695177","level":"info","event":"Filling up the DagBag from /opt/airflow/dags/shopee_pipeline_dag.py","logger":"airflow.models.dagbag.DagBag"}
{"timestamp":"2025-08-11T09:39:58.926907","level":"info","event":"Filling up the DagBag from /opt/airflow/dags/shopee_pipeline_dag.py","logger":"airflow.models.dagbag.DagBag"}
{"timestamp":"2025-08-11T09:40:01.053084","level":"info","event":"Filling up the DagBag from /opt/airflow/dags/shopee_pipeline_dag.py","logger":"airflow.models.dagbag.DagBag"}
{"timestamp":"2025-08-11T09:40:04.148770","level":"info","event":"Filling up the DagBag from /opt/airflow/dags/shopee_pipeline_dag.py","logger":"airflow.models.dagbag.DagBag"}
{"timestamp":"2025-08-11T09:40:34.271562","level":"info","event":"Filling up the DagBag from /opt/airflow/dags/shopee_pipeline_dag.py","logger":"airflow.models.dagbag.DagBag"}
{"timestamp":"2025-08-11T09:41:05.253845","level":"info","event":"Filling up the DagBag from /opt/airflow/dags/shopee_pipeline_dag.py","logger":"airflow.models.dagbag.DagBag"}
{"timestamp":"2025-08-11T09:41:35.346539","level":"info","event":"Filling up the DagBag from /opt/airflow/dags/shopee_pipeline_dag.py","logger":"airflow.models.dagbag.DagBag"}
{"timestamp":"2025-08-11T09:42:05.419747","level":"info","event":"Filling up the DagBag from /opt/airflow/dags/shopee_pipeline_dag.py","logger":"airflow.models.dagbag.DagBag"}
{"timestamp":"2025-08-11T09:42:36.441856","level":"info","event":"Filling up the DagBag from /opt/airflow/dags/shopee_pipeline_dag.py","logger":"airflow.models.dagbag.DagBag"}
{"timestamp":"2025-08-11T09:43:07.452299","level":"info","event":"Filling up the DagBag from /opt/airflow/dags/shopee_pipeline_dag.py","logger":"airflow.models.dagbag.DagBag"}
{"timestamp":"2025-08-11T09:43:39.432223","level":"info","event":"Filling up the DagBag from /opt/airflow/dags/shopee_pipeline_dag.py","logger":"airflow.models.dagbag.DagBag"}
{"timestamp":"2025-08-11T09:43:54.957060","level":"info","event":"Filling up the DagBag from /opt/airflow/dags/shopee_pipeline_dag.py","logger":"airflow.models.dagbag.DagBag"}
{"timestamp":"2025-08-11T09:44:25.065583","level":"info","event":"Filling up the DagBag from /opt/airflow/dags/shopee_pipeline_dag.py","logger":"airflow.models.dagbag.DagBag"}
{"timestamp":"2025-08-11T09:44:55.146445","level":"info","event":"Filling up the DagBag from /opt/airflow/dags/shopee_pipeline_dag.py","logger":"airflow.models.dagbag.DagBag"}
{"timestamp":"2025-08-11T09:45:25.276201","level":"info","event":"Filling up the DagBag from /opt/airflow/dags/shopee_pipeline_dag.py","logger":"airflow.models.dagbag.DagBag"}
{"timestamp":"2025-08-11T09:45:56.330221","level":"info","event":"Filling up the DagBag from /opt/airflow/dags/shopee_pipeline_dag.py","logger":"airflow.models.dagbag.DagBag"}
{"timestamp":"2025-08-11T09:46:27.283893","level":"info","event":"Filling up the DagBag from /opt/airflow/dags/shopee_pipeline_dag.py","logger":"airflow.models.dagbag.DagBag"}
{"timestamp":"2025-08-11T09:46:59.116187","level":"info","event":"Filling up the DagBag from /opt/airflow/dags/shopee_pipeline_dag.py","logger":"airflow.models.dagbag.DagBag"}
{"timestamp":"2025-08-11T09:47:32.202432","level":"info","event":"Filling up the DagBag from /opt/airflow/dags/shopee_pipeline_dag.py","logger":"airflow.models.dagbag.DagBag"}
{"timestamp":"2025-08-11T09:48:06.150087","level":"info","event":"Filling up the DagBag from /opt/airflow/dags/shopee_pipeline_dag.py","logger":"airflow.models.dagbag.DagBag"}
{"timestamp":"2025-08-11T09:48:39.121684","level":"info","event":"Filling up the DagBag from /opt/airflow/dags/shopee_pipeline_dag.py","logger":"airflow.models.dagbag.DagBag"}
{"timestamp":"2025-08-11T09:49:12.076890","level":"info","event":"Filling up the DagBag from /opt/airflow/dags/shopee_pipeline_dag.py","logger":"airflow.models.dagbag.DagBag"}
{"timestamp":"2025-08-11T09:49:46.036182","level":"info","event":"Filling up the DagBag from /opt/airflow/dags/shopee_pipeline_dag.py","logger":"airflow.models.dagbag.DagBag"}
{"timestamp":"2025-08-11T09:50:10.654278","level":"info","event":"Filling up the DagBag from /opt/airflow/dags/shopee_pipeline_dag.py","logger":"airflow.models.dagbag.DagBag"}
{"timestamp":"2025-08-11T09:51:48.153091","level":"info","event":"Filling up the DagBag from /opt/airflow/dags/shopee_pipeline_dag.py","logger":"airflow.models.dagbag.DagBag"}
{"timestamp":"2025-08-11T09:52:20.849352","level":"info","event":"Filling up the DagBag from /opt/airflow/dags/shopee_pipeline_dag.py","logger":"airflow.models.dagbag.DagBag"}
{"timestamp":"2025-08-11T09:52:50.941261","level":"info","event":"Filling up the DagBag from /opt/airflow/dags/shopee_pipeline_dag.py","logger":"airflow.models.dagbag.DagBag"}
{"timestamp":"2025-08-11T09:53:21.945425","level":"info","event":"Filling up the DagBag from /opt/airflow/dags/shopee_pipeline_dag.py","logger":"airflow.models.dagbag.DagBag"}
{"timestamp":"2025-08-11T09:53:52.897948","level":"info","event":"Filling up the DagBag from /opt/airflow/dags/shopee_pipeline_dag.py","logger":"airflow.models.dagbag.DagBag"}
{"timestamp":"2025-08-11T09:54:23.923154","level":"info","event":"Filling up the DagBag from /opt/airflow/dags/shopee_pipeline_dag.py","logger":"airflow.models.dagbag.DagBag"}
{"timestamp":"2025-08-11T09:54:54.066070","level":"info","event":"Filling up the DagBag from /opt/airflow/dags/shopee_pipeline_dag.py","logger":"airflow.models.dagbag.DagBag"}
{"timestamp":"2025-08-11T09:55:24.259083","level":"info","event":"Filling up the DagBag from /opt/airflow/dags/shopee_pipeline_dag.py","logger":"airflow.models.dagbag.DagBag"}
{"timestamp":"2025-08-11T09:55:48.290286","level":"info","event":"Filling up the DagBag from /opt/airflow/dags/shopee_pipeline_dag.py","logger":"airflow.models.dagbag.DagBag"}
{"timestamp":"2025-08-11T09:55:52.782215","level":"info","event":"Filling up the DagBag from /opt/airflow/dags/shopee_pipeline_dag.py","logger":"airflow.models.dagbag.DagBag"}
{"timestamp":"2025-08-11T09:56:25.995329","level":"info","event":"Filling up the DagBag from /opt/airflow/dags/shopee_pipeline_dag.py","logger":"airflow.models.dagbag.DagBag"}
{"timestamp":"2025-08-11T09:56:59.086615","level":"info","event":"Filling up the DagBag from /opt/airflow/dags/shopee_pipeline_dag.py","logger":"airflow.models.dagbag.DagBag"}
{"timestamp":"2025-08-11T09:57:32.166555","level":"info","event":"Filling up the DagBag from /opt/airflow/dags/shopee_pipeline_dag.py","logger":"airflow.models.dagbag.DagBag"}
{"timestamp":"2025-08-11T09:58:06.159459","level":"info","event":"Filling up the DagBag from /opt/airflow/dags/shopee_pipeline_dag.py","logger":"airflow.models.dagbag.DagBag"}
{"timestamp":"2025-08-11T09:58:39.304076","level":"info","event":"Filling up the DagBag from /opt/airflow/dags/shopee_pipeline_dag.py","logger":"airflow.models.dagbag.DagBag"}
{"timestamp":"2025-08-11T09:59:12.546080","level":"info","event":"Filling up the DagBag from /opt/airflow/dags/shopee_pipeline_dag.py","logger":"airflow.models.dagbag.DagBag"}
{"timestamp":"2025-08-11T09:59:45.518905","level":"info","event":"Filling up the DagBag from /opt/airflow/dags/shopee_pipeline_dag.py","logger":"airflow.models.dagbag.DagBag"}
{"timestamp":"2025-08-11T10:00:19.470689","level":"info","event":"Filling up the DagBag from /opt/airflow/dags/shopee_pipeline_dag.py","logger":"airflow.models.dagbag.DagBag"}
{"timestamp":"2025-08-11T10:00:52.459947","level":"info","event":"Filling up the DagBag from /opt/airflow/dags/shopee_pipeline_dag.py","logger":"airflow.models.dagbag.DagBag"}
{"timestamp":"2025-08-11T10:01:25.449250","level":"info","event":"Filling up the DagBag from /opt/airflow/dags/shopee_pipeline_dag.py","logger":"airflow.models.dagbag.DagBag"}
{"timestamp":"2025-08-11T10:01:59.386356","level":"info","event":"Filling up the DagBag from /opt/airflow/dags/shopee_pipeline_dag.py","logger":"airflow.models.dagbag.DagBag"}
{"timestamp":"2025-08-11T10:02:32.461491","level":"info","event":"Filling up the DagBag from /opt/airflow/dags/shopee_pipeline_dag.py","logger":"airflow.models.dagbag.DagBag"}
{"timestamp":"2025-08-11T10:03:05.553206","level":"info","event":"Filling up the DagBag from /opt/airflow/dags/shopee_pipeline_dag.py","logger":"airflow.models.dagbag.DagBag"}
{"timestamp":"2025-08-11T10:03:36.179227","level":"info","event":"Filling up the DagBag from /opt/airflow/dags/shopee_pipeline_dag.py","logger":"airflow.models.dagbag.DagBag"}
{"timestamp":"2025-08-11T10:04:06.357345","level":"info","event":"Filling up the DagBag from /opt/airflow/dags/shopee_pipeline_dag.py","logger":"airflow.models.dagbag.DagBag"}
{"timestamp":"2025-08-11T10:04:37.412594","level":"info","event":"Filling up the DagBag from /opt/airflow/dags/shopee_pipeline_dag.py","logger":"airflow.models.dagbag.DagBag"}
{"timestamp":"2025-08-11T10:05:08.383734","level":"info","event":"Filling up the DagBag from /opt/airflow/dags/shopee_pipeline_dag.py","logger":"airflow.models.dagbag.DagBag"}
{"timestamp":"2025-08-11T10:05:39.430459","level":"info","event":"Filling up the DagBag from /opt/airflow/dags/shopee_pipeline_dag.py","logger":"airflow.models.dagbag.DagBag"}
{"timestamp":"2025-08-11T10:06:02.355682","level":"info","event":"Filling up the DagBag from /opt/airflow/dags/shopee_pipeline_dag.py","logger":"airflow.models.dagbag.DagBag"}
{"timestamp":"2025-08-11T10:06:02.391800","level":"error","event":"Failed to import: /opt/airflow/dags/shopee_pipeline_dag.py","logger":"airflow.models.dagbag.DagBag","error_detail":[{"exc_type":"IndentationError","exc_value":"unexpected indent (shopee_pipeline_dag.py, line 52)","exc_notes":[],"syntax_error":{"offset":4,"filename":"/opt/airflow/dags/shopee_pipeline_dag.py","line":"    response = requests.get(url, headers=headers)\n","lineno":52,"msg":"unexpected indent"},"is_cause":false,"frames":[{"filename":"/home/airflow/.local/lib/python3.12/site-packages/airflow/models/dagbag.py","lineno":394,"name":"parse"},{"filename":"<frozen importlib._bootstrap_external>","lineno":995,"name":"exec_module"},{"filename":"<frozen importlib._bootstrap_external>","lineno":1133,"name":"get_code"},{"filename":"<frozen importlib._bootstrap_external>","lineno":1063,"name":"source_to_code"},{"filename":"<frozen importlib._bootstrap>","lineno":488,"name":"_call_with_frames_removed"}],"is_group":false,"exceptions":[]}]}
{"timestamp":"2025-08-11T10:06:09.525618","level":"info","event":"Filling up the DagBag from /opt/airflow/dags/shopee_pipeline_dag.py","logger":"airflow.models.dagbag.DagBag"}
{"timestamp":"2025-08-11T10:06:40.554567","level":"info","event":"Filling up the DagBag from /opt/airflow/dags/shopee_pipeline_dag.py","logger":"airflow.models.dagbag.DagBag"}
{"timestamp":"2025-08-11T12:54:22.703036","level":"info","event":"Filling up the DagBag from /opt/airflow/dags/shopee_pipeline_dag.py","logger":"airflow.models.dagbag.DagBag"}
{"timestamp":"2025-08-11T12:54:53.131923","level":"info","event":"Filling up the DagBag from /opt/airflow/dags/shopee_pipeline_dag.py","logger":"airflow.models.dagbag.DagBag"}
{"timestamp":"2025-08-11T12:55:25.564862","level":"info","event":"Filling up the DagBag from /opt/airflow/dags/shopee_pipeline_dag.py","logger":"airflow.models.dagbag.DagBag"}
{"timestamp":"2025-08-11T12:55:59.077794","level":"info","event":"Filling up the DagBag from /opt/airflow/dags/shopee_pipeline_dag.py","logger":"airflow.models.dagbag.DagBag"}
{"timestamp":"2025-08-11T12:56:32.677785","level":"info","event":"Filling up the DagBag from /opt/airflow/dags/shopee_pipeline_dag.py","logger":"airflow.models.dagbag.DagBag"}
{"timestamp":"2025-08-11T12:57:05.300426","level":"info","event":"Filling up the DagBag from /opt/airflow/dags/shopee_pipeline_dag.py","logger":"airflow.models.dagbag.DagBag"}
{"timestamp":"2025-08-11T12:57:38.890931","level":"info","event":"Filling up the DagBag from /opt/airflow/dags/shopee_pipeline_dag.py","logger":"airflow.models.dagbag.DagBag"}
{"timestamp":"2025-08-11T12:58:12.407038","level":"info","event":"Filling up the DagBag from /opt/airflow/dags/shopee_pipeline_dag.py","logger":"airflow.models.dagbag.DagBag"}
{"timestamp":"2025-08-11T12:58:42.712090","level":"info","event":"Filling up the DagBag from /opt/airflow/dags/shopee_pipeline_dag.py","logger":"airflow.models.dagbag.DagBag"}
{"timestamp":"2025-08-11T12:59:13.548747","level":"info","event":"Filling up the DagBag from /opt/airflow/dags/shopee_pipeline_dag.py","logger":"airflow.models.dagbag.DagBag"}
{"timestamp":"2025-08-11T12:59:44.623826","level":"info","event":"Filling up the DagBag from /opt/airflow/dags/shopee_pipeline_dag.py","logger":"airflow.models.dagbag.DagBag"}
{"timestamp":"2025-08-11T13:00:15.190539","level":"info","event":"Filling up the DagBag from /opt/airflow/dags/shopee_pipeline_dag.py","logger":"airflow.models.dagbag.DagBag"}
{"timestamp":"2025-08-11T13:00:46.000906","level":"info","event":"Filling up the DagBag from /opt/airflow/dags/shopee_pipeline_dag.py","logger":"airflow.models.dagbag.DagBag"}
{"timestamp":"2025-08-11T13:01:16.600298","level":"info","event":"Filling up the DagBag from /opt/airflow/dags/shopee_pipeline_dag.py","logger":"airflow.models.dagbag.DagBag"}
{"timestamp":"2025-08-11T13:01:47.438758","level":"info","event":"Filling up the DagBag from /opt/airflow/dags/shopee_pipeline_dag.py","logger":"airflow.models.dagbag.DagBag"}
{"timestamp":"2025-08-11T13:02:17.815006","level":"info","event":"Filling up the DagBag from /opt/airflow/dags/shopee_pipeline_dag.py","logger":"airflow.models.dagbag.DagBag"}
{"timestamp":"2025-08-11T13:02:48.630986","level":"info","event":"Filling up the DagBag from /opt/airflow/dags/shopee_pipeline_dag.py","logger":"airflow.models.dagbag.DagBag"}
{"timestamp":"2025-08-11T13:03:19.416987","level":"info","event":"Filling up the DagBag from /opt/airflow/dags/shopee_pipeline_dag.py","logger":"airflow.models.dagbag.DagBag"}
{"timestamp":"2025-08-11T13:03:49.949248","level":"info","event":"Filling up the DagBag from /opt/airflow/dags/shopee_pipeline_dag.py","logger":"airflow.models.dagbag.DagBag"}
{"timestamp":"2025-08-11T13:04:20.532927","level":"info","event":"Filling up the DagBag from /opt/airflow/dags/shopee_pipeline_dag.py","logger":"airflow.models.dagbag.DagBag"}
{"timestamp":"2025-08-11T13:04:52.269170","level":"info","event":"Filling up the DagBag from /opt/airflow/dags/shopee_pipeline_dag.py","logger":"airflow.models.dagbag.DagBag"}
{"timestamp":"2025-08-11T13:05:25.671779","level":"info","event":"Filling up the DagBag from /opt/airflow/dags/shopee_pipeline_dag.py","logger":"airflow.models.dagbag.DagBag"}
{"timestamp":"2025-08-11T13:05:59.308789","level":"info","event":"Filling up the DagBag from /opt/airflow/dags/shopee_pipeline_dag.py","logger":"airflow.models.dagbag.DagBag"}
{"timestamp":"2025-08-11T13:06:31.996802","level":"info","event":"Filling up the DagBag from /opt/airflow/dags/shopee_pipeline_dag.py","logger":"airflow.models.dagbag.DagBag"}
{"timestamp":"2025-08-11T13:07:05.692802","level":"info","event":"Filling up the DagBag from /opt/airflow/dags/shopee_pipeline_dag.py","logger":"airflow.models.dagbag.DagBag"}
{"timestamp":"2025-08-11T13:07:39.306152","level":"info","event":"Filling up the DagBag from /opt/airflow/dags/shopee_pipeline_dag.py","logger":"airflow.models.dagbag.DagBag"}
{"timestamp":"2025-08-11T13:08:11.889398","level":"info","event":"Filling up the DagBag from /opt/airflow/dags/shopee_pipeline_dag.py","logger":"airflow.models.dagbag.DagBag"}
{"timestamp":"2025-08-11T13:08:45.553751","level":"info","event":"Filling up the DagBag from /opt/airflow/dags/shopee_pipeline_dag.py","logger":"airflow.models.dagbag.DagBag"}
{"timestamp":"2025-08-11T13:09:19.190842","level":"info","event":"Filling up the DagBag from /opt/airflow/dags/shopee_pipeline_dag.py","logger":"airflow.models.dagbag.DagBag"}
{"timestamp":"2025-08-11T15:13:44.157110","level":"info","event":"Filling up the DagBag from /opt/airflow/dags/shopee_pipeline_dag.py","logger":"airflow.models.dagbag.DagBag"}
{"timestamp":"2025-08-11T15:14:14.510303","level":"info","event":"Filling up the DagBag from /opt/airflow/dags/shopee_pipeline_dag.py","logger":"airflow.models.dagbag.DagBag"}
{"timestamp":"2025-08-11T15:14:45.289858","level":"info","event":"Filling up the DagBag from /opt/airflow/dags/shopee_pipeline_dag.py","logger":"airflow.models.dagbag.DagBag"}
{"timestamp":"2025-08-11T15:15:18.419936","level":"info","event":"Filling up the DagBag from /opt/airflow/dags/shopee_pipeline_dag.py","logger":"airflow.models.dagbag.DagBag"}
{"timestamp":"2025-08-11T15:15:51.248089","level":"info","event":"Filling up the DagBag from /opt/airflow/dags/shopee_pipeline_dag.py","logger":"airflow.models.dagbag.DagBag"}
{"timestamp":"2025-08-11T15:16:24.063945","level":"info","event":"Filling up the DagBag from /opt/airflow/dags/shopee_pipeline_dag.py","logger":"airflow.models.dagbag.DagBag"}
{"timestamp":"2025-08-11T15:16:57.812106","level":"info","event":"Filling up the DagBag from /opt/airflow/dags/shopee_pipeline_dag.py","logger":"airflow.models.dagbag.DagBag"}
{"timestamp":"2025-08-11T15:17:30.613985","level":"info","event":"Filling up the DagBag from /opt/airflow/dags/shopee_pipeline_dag.py","logger":"airflow.models.dagbag.DagBag"}
{"timestamp":"2025-08-11T15:18:03.746862","level":"info","event":"Filling up the DagBag from /opt/airflow/dags/shopee_pipeline_dag.py","logger":"airflow.models.dagbag.DagBag"}
{"timestamp":"2025-08-11T15:18:36.649206","level":"info","event":"Filling up the DagBag from /opt/airflow/dags/shopee_pipeline_dag.py","logger":"airflow.models.dagbag.DagBag"}
{"timestamp":"2025-08-11T15:19:09.434287","level":"info","event":"Filling up the DagBag from /opt/airflow/dags/shopee_pipeline_dag.py","logger":"airflow.models.dagbag.DagBag"}
{"timestamp":"2025-08-11T15:19:40.228538","level":"info","event":"Filling up the DagBag from /opt/airflow/dags/shopee_pipeline_dag.py","logger":"airflow.models.dagbag.DagBag"}
{"timestamp":"2025-08-11T15:20:16.374468","level":"info","event":"Filling up the DagBag from /opt/airflow/dags/shopee_pipeline_dag.py","logger":"airflow.models.dagbag.DagBag"}
{"timestamp":"2025-08-11T15:20:49.298043","level":"info","event":"Filling up the DagBag from /opt/airflow/dags/shopee_pipeline_dag.py","logger":"airflow.models.dagbag.DagBag"}
{"timestamp":"2025-08-11T15:21:22.215600","level":"info","event":"Filling up the DagBag from /opt/airflow/dags/shopee_pipeline_dag.py","logger":"airflow.models.dagbag.DagBag"}
{"timestamp":"2025-08-11T15:21:55.286190","level":"info","event":"Filling up the DagBag from /opt/airflow/dags/shopee_pipeline_dag.py","logger":"airflow.models.dagbag.DagBag"}
{"timestamp":"2025-08-11T15:22:28.438222","level":"info","event":"Filling up the DagBag from /opt/airflow/dags/shopee_pipeline_dag.py","logger":"airflow.models.dagbag.DagBag"}
{"timestamp":"2025-08-11T15:23:01.610466","level":"info","event":"Filling up the DagBag from /opt/airflow/dags/shopee_pipeline_dag.py","logger":"airflow.models.dagbag.DagBag"}
{"timestamp":"2025-08-11T15:23:32.321567","level":"info","event":"Filling up the DagBag from /opt/airflow/dags/shopee_pipeline_dag.py","logger":"airflow.models.dagbag.DagBag"}
{"timestamp":"2025-08-11T15:24:03.032480","level":"info","event":"Filling up the DagBag from /opt/airflow/dags/shopee_pipeline_dag.py","logger":"airflow.models.dagbag.DagBag"}
{"timestamp":"2025-08-11T15:24:33.591640","level":"info","event":"Filling up the DagBag from /opt/airflow/dags/shopee_pipeline_dag.py","logger":"airflow.models.dagbag.DagBag"}
{"timestamp":"2025-08-11T15:25:03.805180","level":"info","event":"Filling up the DagBag from /opt/airflow/dags/shopee_pipeline_dag.py","logger":"airflow.models.dagbag.DagBag"}
{"timestamp":"2025-08-11T15:25:34.024595","level":"info","event":"Filling up the DagBag from /opt/airflow/dags/shopee_pipeline_dag.py","logger":"airflow.models.dagbag.DagBag"}
{"timestamp":"2025-08-11T15:26:05.026043","level":"info","event":"Filling up the DagBag from /opt/airflow/dags/shopee_pipeline_dag.py","logger":"airflow.models.dagbag.DagBag"}
{"timestamp":"2025-08-11T15:26:36.068335","level":"info","event":"Filling up the DagBag from /opt/airflow/dags/shopee_pipeline_dag.py","logger":"airflow.models.dagbag.DagBag"}
{"timestamp":"2025-08-11T15:27:07.040424","level":"info","event":"Filling up the DagBag from /opt/airflow/dags/shopee_pipeline_dag.py","logger":"airflow.models.dagbag.DagBag"}
{"timestamp":"2025-08-11T15:27:37.164408","level":"info","event":"Filling up the DagBag from /opt/airflow/dags/shopee_pipeline_dag.py","logger":"airflow.models.dagbag.DagBag"}
{"timestamp":"2025-08-11T15:28:08.235985","level":"info","event":"Filling up the DagBag from /opt/airflow/dags/shopee_pipeline_dag.py","logger":"airflow.models.dagbag.DagBag"}
{"timestamp":"2025-08-11T15:28:39.278455","level":"info","event":"Filling up the DagBag from /opt/airflow/dags/shopee_pipeline_dag.py","logger":"airflow.models.dagbag.DagBag"}
{"timestamp":"2025-08-11T15:29:10.233017","level":"info","event":"Filling up the DagBag from /opt/airflow/dags/shopee_pipeline_dag.py","logger":"airflow.models.dagbag.DagBag"}
{"timestamp":"2025-08-11T15:29:40.357429","level":"info","event":"Filling up the DagBag from /opt/airflow/dags/shopee_pipeline_dag.py","logger":"airflow.models.dagbag.DagBag"}
{"timestamp":"2025-08-11T15:30:13.504322","level":"info","event":"Filling up the DagBag from /opt/airflow/dags/shopee_pipeline_dag.py","logger":"airflow.models.dagbag.DagBag"}
{"timestamp":"2025-08-11T15:30:47.552830","level":"info","event":"Filling up the DagBag from /opt/airflow/dags/shopee_pipeline_dag.py","logger":"airflow.models.dagbag.DagBag"}
{"timestamp":"2025-08-11T15:31:20.569042","level":"info","event":"Filling up the DagBag from /opt/airflow/dags/shopee_pipeline_dag.py","logger":"airflow.models.dagbag.DagBag"}
{"timestamp":"2025-08-11T15:31:53.768615","level":"info","event":"Filling up the DagBag from /opt/airflow/dags/shopee_pipeline_dag.py","logger":"airflow.models.dagbag.DagBag"}
{"timestamp":"2025-08-11T15:32:27.034234","level":"info","event":"Filling up the DagBag from /opt/airflow/dags/shopee_pipeline_dag.py","logger":"airflow.models.dagbag.DagBag"}
{"timestamp":"2025-08-11T15:33:00.272884","level":"info","event":"Filling up the DagBag from /opt/airflow/dags/shopee_pipeline_dag.py","logger":"airflow.models.dagbag.DagBag"}
{"timestamp":"2025-08-11T15:33:33.272659","level":"info","event":"Filling up the DagBag from /opt/airflow/dags/shopee_pipeline_dag.py","logger":"airflow.models.dagbag.DagBag"}
{"timestamp":"2025-08-11T15:34:04.236743","level":"info","event":"Filling up the DagBag from /opt/airflow/dags/shopee_pipeline_dag.py","logger":"airflow.models.dagbag.DagBag"}
{"timestamp":"2025-08-11T15:34:35.212853","level":"info","event":"Filling up the DagBag from /opt/airflow/dags/shopee_pipeline_dag.py","logger":"airflow.models.dagbag.DagBag"}
{"timestamp":"2025-08-11T15:35:05.326573","level":"info","event":"Filling up the DagBag from /opt/airflow/dags/shopee_pipeline_dag.py","logger":"airflow.models.dagbag.DagBag"}
{"timestamp":"2025-08-11T15:35:35.453010","level":"info","event":"Filling up the DagBag from /opt/airflow/dags/shopee_pipeline_dag.py","logger":"airflow.models.dagbag.DagBag"}
{"timestamp":"2025-08-11T15:36:05.541483","level":"info","event":"Filling up the DagBag from /opt/airflow/dags/shopee_pipeline_dag.py","logger":"airflow.models.dagbag.DagBag"}
{"timestamp":"2025-08-11T15:36:35.629156","level":"info","event":"Filling up the DagBag from /opt/airflow/dags/shopee_pipeline_dag.py","logger":"airflow.models.dagbag.DagBag"}
{"timestamp":"2025-08-11T15:37:05.902143","level":"info","event":"Filling up the DagBag from /opt/airflow/dags/shopee_pipeline_dag.py","logger":"airflow.models.dagbag.DagBag"}
{"timestamp":"2025-08-11T15:37:36.011144","level":"info","event":"Filling up the DagBag from /opt/airflow/dags/shopee_pipeline_dag.py","logger":"airflow.models.dagbag.DagBag"}
{"timestamp":"2025-08-11T15:38:06.127291","level":"info","event":"Filling up the DagBag from /opt/airflow/dags/shopee_pipeline_dag.py","logger":"airflow.models.dagbag.DagBag"}
{"timestamp":"2025-08-11T15:38:36.354386","level":"info","event":"Filling up the DagBag from /opt/airflow/dags/shopee_pipeline_dag.py","logger":"airflow.models.dagbag.DagBag"}
{"timestamp":"2025-08-11T15:39:06.496253","level":"info","event":"Filling up the DagBag from /opt/airflow/dags/shopee_pipeline_dag.py","logger":"airflow.models.dagbag.DagBag"}
{"timestamp":"2025-08-11T15:39:37.312585","level":"info","event":"Filling up the DagBag from /opt/airflow/dags/shopee_pipeline_dag.py","logger":"airflow.models.dagbag.DagBag"}
{"timestamp":"2025-08-11T15:40:08.325625","level":"info","event":"Filling up the DagBag from /opt/airflow/dags/shopee_pipeline_dag.py","logger":"airflow.models.dagbag.DagBag"}
{"timestamp":"2025-08-11T15:40:38.456014","level":"info","event":"Filling up the DagBag from /opt/airflow/dags/shopee_pipeline_dag.py","logger":"airflow.models.dagbag.DagBag"}
{"timestamp":"2025-08-11T15:41:08.675973","level":"info","event":"Filling up the DagBag from /opt/airflow/dags/shopee_pipeline_dag.py","logger":"airflow.models.dagbag.DagBag"}
{"timestamp":"2025-08-11T15:41:38.826413","level":"info","event":"Filling up the DagBag from /opt/airflow/dags/shopee_pipeline_dag.py","logger":"airflow.models.dagbag.DagBag"}
{"timestamp":"2025-08-11T15:42:08.987411","level":"info","event":"Filling up the DagBag from /opt/airflow/dags/shopee_pipeline_dag.py","logger":"airflow.models.dagbag.DagBag"}
{"timestamp":"2025-08-11T15:42:39.107171","level":"info","event":"Filling up the DagBag from /opt/airflow/dags/shopee_pipeline_dag.py","logger":"airflow.models.dagbag.DagBag"}
{"timestamp":"2025-08-11T15:43:09.342890","level":"info","event":"Filling up the DagBag from /opt/airflow/dags/shopee_pipeline_dag.py","logger":"airflow.models.dagbag.DagBag"}
{"timestamp":"2025-08-11T15:43:39.530040","level":"info","event":"Filling up the DagBag from /opt/airflow/dags/shopee_pipeline_dag.py","logger":"airflow.models.dagbag.DagBag"}
{"timestamp":"2025-08-11T15:44:09.653461","level":"info","event":"Filling up the DagBag from /opt/airflow/dags/shopee_pipeline_dag.py","logger":"airflow.models.dagbag.DagBag"}
{"timestamp":"2025-08-11T15:44:39.833570","level":"info","event":"Filling up the DagBag from /opt/airflow/dags/shopee_pipeline_dag.py","logger":"airflow.models.dagbag.DagBag"}
{"timestamp":"2025-08-11T15:45:10.580089","level":"info","event":"Filling up the DagBag from /opt/airflow/dags/shopee_pipeline_dag.py","logger":"airflow.models.dagbag.DagBag"}
{"timestamp":"2025-08-11T15:45:41.625339","level":"info","event":"Filling up the DagBag from /opt/airflow/dags/shopee_pipeline_dag.py","logger":"airflow.models.dagbag.DagBag"}
{"timestamp":"2025-08-11T15:46:11.812177","level":"info","event":"Filling up the DagBag from /opt/airflow/dags/shopee_pipeline_dag.py","logger":"airflow.models.dagbag.DagBag"}
{"timestamp":"2025-08-11T15:46:42.680428","level":"info","event":"Filling up the DagBag from /opt/airflow/dags/shopee_pipeline_dag.py","logger":"airflow.models.dagbag.DagBag"}
{"timestamp":"2025-08-11T15:47:13.183392","level":"info","event":"Filling up the DagBag from /opt/airflow/dags/shopee_pipeline_dag.py","logger":"airflow.models.dagbag.DagBag"}
{"timestamp":"2025-08-11T15:47:43.361654","level":"info","event":"Filling up the DagBag from /opt/airflow/dags/shopee_pipeline_dag.py","logger":"airflow.models.dagbag.DagBag"}
{"timestamp":"2025-08-11T15:48:13.484845","level":"info","event":"Filling up the DagBag from /opt/airflow/dags/shopee_pipeline_dag.py","logger":"airflow.models.dagbag.DagBag"}
{"timestamp":"2025-08-11T15:48:44.422763","level":"info","event":"Filling up the DagBag from /opt/airflow/dags/shopee_pipeline_dag.py","logger":"airflow.models.dagbag.DagBag"}
{"timestamp":"2025-08-11T15:49:14.575475","level":"info","event":"Filling up the DagBag from /opt/airflow/dags/shopee_pipeline_dag.py","logger":"airflow.models.dagbag.DagBag"}
{"timestamp":"2025-08-11T15:49:45.445668","level":"info","event":"Filling up the DagBag from /opt/airflow/dags/shopee_pipeline_dag.py","logger":"airflow.models.dagbag.DagBag"}
{"timestamp":"2025-08-11T15:50:16.458550","level":"info","event":"Filling up the DagBag from /opt/airflow/dags/shopee_pipeline_dag.py","logger":"airflow.models.dagbag.DagBag"}
{"timestamp":"2025-08-11T15:50:47.384032","level":"info","event":"Filling up the DagBag from /opt/airflow/dags/shopee_pipeline_dag.py","logger":"airflow.models.dagbag.DagBag"}
{"timestamp":"2025-08-11T15:51:19.538614","level":"info","event":"Filling up the DagBag from /opt/airflow/dags/shopee_pipeline_dag.py","logger":"airflow.models.dagbag.DagBag"}
{"timestamp":"2025-08-11T15:51:52.724565","level":"info","event":"Filling up the DagBag from /opt/airflow/dags/shopee_pipeline_dag.py","logger":"airflow.models.dagbag.DagBag"}
{"timestamp":"2025-08-11T15:52:25.880974","level":"info","event":"Filling up the DagBag from /opt/airflow/dags/shopee_pipeline_dag.py","logger":"airflow.models.dagbag.DagBag"}
{"timestamp":"2025-08-11T15:52:59.001899","level":"info","event":"Filling up the DagBag from /opt/airflow/dags/shopee_pipeline_dag.py","logger":"airflow.models.dagbag.DagBag"}
{"timestamp":"2025-08-11T15:53:32.312440","level":"info","event":"Filling up the DagBag from /opt/airflow/dags/shopee_pipeline_dag.py","logger":"airflow.models.dagbag.DagBag"}
{"timestamp":"2025-08-11T15:54:05.476781","level":"info","event":"Filling up the DagBag from /opt/airflow/dags/shopee_pipeline_dag.py","logger":"airflow.models.dagbag.DagBag"}
{"timestamp":"2025-08-11T15:54:38.608630","level":"info","event":"Filling up the DagBag from /opt/airflow/dags/shopee_pipeline_dag.py","logger":"airflow.models.dagbag.DagBag"}
{"timestamp":"2025-08-11T15:55:11.670714","level":"info","event":"Filling up the DagBag from /opt/airflow/dags/shopee_pipeline_dag.py","logger":"airflow.models.dagbag.DagBag"}
{"timestamp":"2025-08-11T15:55:45.744961","level":"info","event":"Filling up the DagBag from /opt/airflow/dags/shopee_pipeline_dag.py","logger":"airflow.models.dagbag.DagBag"}
{"timestamp":"2025-08-11T15:56:18.824948","level":"info","event":"Filling up the DagBag from /opt/airflow/dags/shopee_pipeline_dag.py","logger":"airflow.models.dagbag.DagBag"}
{"timestamp":"2025-08-11T15:56:52.240889","level":"info","event":"Filling up the DagBag from /opt/airflow/dags/shopee_pipeline_dag.py","logger":"airflow.models.dagbag.DagBag"}
{"timestamp":"2025-08-11T15:57:25.330466","level":"info","event":"Filling up the DagBag from /opt/airflow/dags/shopee_pipeline_dag.py","logger":"airflow.models.dagbag.DagBag"}
{"timestamp":"2025-08-11T15:57:58.551307","level":"info","event":"Filling up the DagBag from /opt/airflow/dags/shopee_pipeline_dag.py","logger":"airflow.models.dagbag.DagBag"}
{"timestamp":"2025-08-11T15:58:31.717840","level":"info","event":"Filling up the DagBag from /opt/airflow/dags/shopee_pipeline_dag.py","logger":"airflow.models.dagbag.DagBag"}
{"timestamp":"2025-08-11T15:59:02.590574","level":"info","event":"Filling up the DagBag from /opt/airflow/dags/shopee_pipeline_dag.py","logger":"airflow.models.dagbag.DagBag"}
{"timestamp":"2025-08-11T15:59:32.764254","level":"info","event":"Filling up the DagBag from /opt/airflow/dags/shopee_pipeline_dag.py","logger":"airflow.models.dagbag.DagBag"}
{"timestamp":"2025-08-11T16:00:03.824466","level":"info","event":"Filling up the DagBag from /opt/airflow/dags/shopee_pipeline_dag.py","logger":"airflow.models.dagbag.DagBag"}
{"timestamp":"2025-08-11T16:00:34.882935","level":"info","event":"Filling up the DagBag from /opt/airflow/dags/shopee_pipeline_dag.py","logger":"airflow.models.dagbag.DagBag"}
{"timestamp":"2025-08-11T16:01:05.041427","level":"info","event":"Filling up the DagBag from /opt/airflow/dags/shopee_pipeline_dag.py","logger":"airflow.models.dagbag.DagBag"}
{"timestamp":"2025-08-11T16:01:36.125669","level":"info","event":"Filling up the DagBag from /opt/airflow/dags/shopee_pipeline_dag.py","logger":"airflow.models.dagbag.DagBag"}
{"timestamp":"2025-08-11T16:02:07.212701","level":"info","event":"Filling up the DagBag from /opt/airflow/dags/shopee_pipeline_dag.py","logger":"airflow.models.dagbag.DagBag"}
{"timestamp":"2025-08-11T16:02:37.310227","level":"info","event":"Filling up the DagBag from /opt/airflow/dags/shopee_pipeline_dag.py","logger":"airflow.models.dagbag.DagBag"}
{"timestamp":"2025-08-11T16:03:07.804725","level":"info","event":"Filling up the DagBag from /opt/airflow/dags/shopee_pipeline_dag.py","logger":"airflow.models.dagbag.DagBag"}
{"timestamp":"2025-08-11T16:03:37.970434","level":"info","event":"Filling up the DagBag from /opt/airflow/dags/shopee_pipeline_dag.py","logger":"airflow.models.dagbag.DagBag"}
{"timestamp":"2025-08-11T16:04:08.166230","level":"info","event":"Filling up the DagBag from /opt/airflow/dags/shopee_pipeline_dag.py","logger":"airflow.models.dagbag.DagBag"}
{"timestamp":"2025-08-11T16:04:38.388612","level":"info","event":"Filling up the DagBag from /opt/airflow/dags/shopee_pipeline_dag.py","logger":"airflow.models.dagbag.DagBag"}
{"timestamp":"2025-08-11T16:05:11.644464","level":"info","event":"Filling up the DagBag from /opt/airflow/dags/shopee_pipeline_dag.py","logger":"airflow.models.dagbag.DagBag"}
{"timestamp":"2025-08-11T16:05:42.614033","level":"info","event":"Filling up the DagBag from /opt/airflow/dags/shopee_pipeline_dag.py","logger":"airflow.models.dagbag.DagBag"}
{"timestamp":"2025-08-11T16:06:12.736253","level":"info","event":"Filling up the DagBag from /opt/airflow/dags/shopee_pipeline_dag.py","logger":"airflow.models.dagbag.DagBag"}
{"timestamp":"2025-08-11T16:06:42.863460","level":"info","event":"Filling up the DagBag from /opt/airflow/dags/shopee_pipeline_dag.py","logger":"airflow.models.dagbag.DagBag"}
{"timestamp":"2025-08-11T16:07:13.083750","level":"info","event":"Filling up the DagBag from /opt/airflow/dags/shopee_pipeline_dag.py","logger":"airflow.models.dagbag.DagBag"}
{"timestamp":"2025-08-11T16:07:43.245239","level":"info","event":"Filling up the DagBag from /opt/airflow/dags/shopee_pipeline_dag.py","logger":"airflow.models.dagbag.DagBag"}
{"timestamp":"2025-08-11T16:08:13.396425","level":"info","event":"Filling up the DagBag from /opt/airflow/dags/shopee_pipeline_dag.py","logger":"airflow.models.dagbag.DagBag"}
{"timestamp":"2025-08-11T16:08:43.594895","level":"info","event":"Filling up the DagBag from /opt/airflow/dags/shopee_pipeline_dag.py","logger":"airflow.models.dagbag.DagBag"}
{"timestamp":"2025-08-11T16:09:13.779499","level":"info","event":"Filling up the DagBag from /opt/airflow/dags/shopee_pipeline_dag.py","logger":"airflow.models.dagbag.DagBag"}
{"timestamp":"2025-08-11T16:09:43.974168","level":"info","event":"Filling up the DagBag from /opt/airflow/dags/shopee_pipeline_dag.py","logger":"airflow.models.dagbag.DagBag"}
{"timestamp":"2025-08-11T16:10:14.083297","level":"info","event":"Filling up the DagBag from /opt/airflow/dags/shopee_pipeline_dag.py","logger":"airflow.models.dagbag.DagBag"}
{"timestamp":"2025-08-11T16:10:45.236051","level":"info","event":"Filling up the DagBag from /opt/airflow/dags/shopee_pipeline_dag.py","logger":"airflow.models.dagbag.DagBag"}
{"timestamp":"2025-08-11T16:11:16.119170","level":"info","event":"Filling up the DagBag from /opt/airflow/dags/shopee_pipeline_dag.py","logger":"airflow.models.dagbag.DagBag"}
{"timestamp":"2025-08-11T16:11:49.323153","level":"info","event":"Filling up the DagBag from /opt/airflow/dags/shopee_pipeline_dag.py","logger":"airflow.models.dagbag.DagBag"}
{"timestamp":"2025-08-11T16:12:19.444676","level":"info","event":"Filling up the DagBag from /opt/airflow/dags/shopee_pipeline_dag.py","logger":"airflow.models.dagbag.DagBag"}
{"timestamp":"2025-08-11T16:12:49.606971","level":"info","event":"Filling up the DagBag from /opt/airflow/dags/shopee_pipeline_dag.py","logger":"airflow.models.dagbag.DagBag"}
{"timestamp":"2025-08-11T16:13:19.715786","level":"info","event":"Filling up the DagBag from /opt/airflow/dags/shopee_pipeline_dag.py","logger":"airflow.models.dagbag.DagBag"}
{"timestamp":"2025-08-11T16:13:49.889426","level":"info","event":"Filling up the DagBag from /opt/airflow/dags/shopee_pipeline_dag.py","logger":"airflow.models.dagbag.DagBag"}
{"timestamp":"2025-08-11T16:14:20.334513","level":"info","event":"Filling up the DagBag from /opt/airflow/dags/shopee_pipeline_dag.py","logger":"airflow.models.dagbag.DagBag"}
{"timestamp":"2025-08-11T16:14:50.496034","level":"info","event":"Filling up the DagBag from /opt/airflow/dags/shopee_pipeline_dag.py","logger":"airflow.models.dagbag.DagBag"}
{"timestamp":"2025-08-11T16:15:20.620879","level":"info","event":"Filling up the DagBag from /opt/airflow/dags/shopee_pipeline_dag.py","logger":"airflow.models.dagbag.DagBag"}
{"timestamp":"2025-08-11T16:15:51.564472","level":"info","event":"Filling up the DagBag from /opt/airflow/dags/shopee_pipeline_dag.py","logger":"airflow.models.dagbag.DagBag"}
{"timestamp":"2025-08-11T16:16:22.614063","level":"info","event":"Filling up the DagBag from /opt/airflow/dags/shopee_pipeline_dag.py","logger":"airflow.models.dagbag.DagBag"}
{"timestamp":"2025-08-11T16:16:53.567618","level":"info","event":"Filling up the DagBag from /opt/airflow/dags/shopee_pipeline_dag.py","logger":"airflow.models.dagbag.DagBag"}
{"timestamp":"2025-08-11T16:17:24.637756","level":"info","event":"Filling up the DagBag from /opt/airflow/dags/shopee_pipeline_dag.py","logger":"airflow.models.dagbag.DagBag"}
{"timestamp":"2025-08-11T16:17:55.458560","level":"info","event":"Filling up the DagBag from /opt/airflow/dags/shopee_pipeline_dag.py","logger":"airflow.models.dagbag.DagBag"}
{"timestamp":"2025-08-11T16:18:26.471666","level":"info","event":"Filling up the DagBag from /opt/airflow/dags/shopee_pipeline_dag.py","logger":"airflow.models.dagbag.DagBag"}
{"timestamp":"2025-08-11T16:18:57.435601","level":"info","event":"Filling up the DagBag from /opt/airflow/dags/shopee_pipeline_dag.py","logger":"airflow.models.dagbag.DagBag"}
{"timestamp":"2025-08-11T16:19:27.553355","level":"info","event":"Filling up the DagBag from /opt/airflow/dags/shopee_pipeline_dag.py","logger":"airflow.models.dagbag.DagBag"}
{"timestamp":"2025-08-11T16:19:57.676843","level":"info","event":"Filling up the DagBag from /opt/airflow/dags/shopee_pipeline_dag.py","logger":"airflow.models.dagbag.DagBag"}
{"timestamp":"2025-08-11T16:20:27.831359","level":"info","event":"Filling up the DagBag from /opt/airflow/dags/shopee_pipeline_dag.py","logger":"airflow.models.dagbag.DagBag"}
{"timestamp":"2025-08-11T16:20:58.831096","level":"info","event":"Filling up the DagBag from /opt/airflow/dags/shopee_pipeline_dag.py","logger":"airflow.models.dagbag.DagBag"}
{"timestamp":"2025-08-11T16:21:29.868869","level":"info","event":"Filling up the DagBag from /opt/airflow/dags/shopee_pipeline_dag.py","logger":"airflow.models.dagbag.DagBag"}
{"timestamp":"2025-08-11T16:21:59.983497","level":"info","event":"Filling up the DagBag from /opt/airflow/dags/shopee_pipeline_dag.py","logger":"airflow.models.dagbag.DagBag"}
{"timestamp":"2025-08-11T16:22:30.193915","level":"info","event":"Filling up the DagBag from /opt/airflow/dags/shopee_pipeline_dag.py","logger":"airflow.models.dagbag.DagBag"}
{"timestamp":"2025-08-11T16:23:00.424055","level":"info","event":"Filling up the DagBag from /opt/airflow/dags/shopee_pipeline_dag.py","logger":"airflow.models.dagbag.DagBag"}
{"timestamp":"2025-08-11T16:23:31.116650","level":"info","event":"Filling up the DagBag from /opt/airflow/dags/shopee_pipeline_dag.py","logger":"airflow.models.dagbag.DagBag"}
{"timestamp":"2025-08-11T16:24:04.236953","level":"info","event":"Filling up the DagBag from /opt/airflow/dags/shopee_pipeline_dag.py","logger":"airflow.models.dagbag.DagBag"}
{"timestamp":"2025-08-11T16:24:37.334519","level":"info","event":"Filling up the DagBag from /opt/airflow/dags/shopee_pipeline_dag.py","logger":"airflow.models.dagbag.DagBag"}
{"timestamp":"2025-08-11T16:25:08.269012","level":"info","event":"Filling up the DagBag from /opt/airflow/dags/shopee_pipeline_dag.py","logger":"airflow.models.dagbag.DagBag"}
{"timestamp":"2025-08-11T16:25:39.256631","level":"info","event":"Filling up the DagBag from /opt/airflow/dags/shopee_pipeline_dag.py","logger":"airflow.models.dagbag.DagBag"}
{"timestamp":"2025-08-11T16:26:09.357454","level":"info","event":"Filling up the DagBag from /opt/airflow/dags/shopee_pipeline_dag.py","logger":"airflow.models.dagbag.DagBag"}
{"timestamp":"2025-08-11T16:26:39.558819","level":"info","event":"Filling up the DagBag from /opt/airflow/dags/shopee_pipeline_dag.py","logger":"airflow.models.dagbag.DagBag"}
{"timestamp":"2025-08-11T16:27:09.815582","level":"info","event":"Filling up the DagBag from /opt/airflow/dags/shopee_pipeline_dag.py","logger":"airflow.models.dagbag.DagBag"}
{"timestamp":"2025-08-11T16:27:39.923857","level":"info","event":"Filling up the DagBag from /opt/airflow/dags/shopee_pipeline_dag.py","logger":"airflow.models.dagbag.DagBag"}
{"timestamp":"2025-08-11T16:28:14.745918","level":"info","event":"Filling up the DagBag from /opt/airflow/dags/shopee_pipeline_dag.py","logger":"airflow.models.dagbag.DagBag"}
{"timestamp":"2025-08-11T16:28:45.197376","level":"info","event":"Filling up the DagBag from /opt/airflow/dags/shopee_pipeline_dag.py","logger":"airflow.models.dagbag.DagBag"}
{"timestamp":"2025-08-11T16:29:15.367963","level":"info","event":"Filling up the DagBag from /opt/airflow/dags/shopee_pipeline_dag.py","logger":"airflow.models.dagbag.DagBag"}
{"timestamp":"2025-08-11T16:29:45.476518","level":"info","event":"Filling up the DagBag from /opt/airflow/dags/shopee_pipeline_dag.py","logger":"airflow.models.dagbag.DagBag"}
{"timestamp":"2025-08-11T16:30:15.668310","level":"info","event":"Filling up the DagBag from /opt/airflow/dags/shopee_pipeline_dag.py","logger":"airflow.models.dagbag.DagBag"}
{"timestamp":"2025-08-11T16:30:46.563195","level":"info","event":"Filling up the DagBag from /opt/airflow/dags/shopee_pipeline_dag.py","logger":"airflow.models.dagbag.DagBag"}
{"timestamp":"2025-08-11T16:31:17.847570","level":"info","event":"Filling up the DagBag from /opt/airflow/dags/shopee_pipeline_dag.py","logger":"airflow.models.dagbag.DagBag"}
{"timestamp":"2025-08-11T16:31:50.946547","level":"info","event":"Filling up the DagBag from /opt/airflow/dags/shopee_pipeline_dag.py","logger":"airflow.models.dagbag.DagBag"}
{"timestamp":"2025-08-11T16:32:24.134071","level":"info","event":"Filling up the DagBag from /opt/airflow/dags/shopee_pipeline_dag.py","logger":"airflow.models.dagbag.DagBag"}
{"timestamp":"2025-08-11T16:32:57.271456","level":"info","event":"Filling up the DagBag from /opt/airflow/dags/shopee_pipeline_dag.py","logger":"airflow.models.dagbag.DagBag"}
{"timestamp":"2025-08-11T16:33:31.338613","level":"info","event":"Filling up the DagBag from /opt/airflow/dags/shopee_pipeline_dag.py","logger":"airflow.models.dagbag.DagBag"}
{"timestamp":"2025-08-11T16:34:04.444980","level":"info","event":"Filling up the DagBag from /opt/airflow/dags/shopee_pipeline_dag.py","logger":"airflow.models.dagbag.DagBag"}
{"timestamp":"2025-08-11T16:34:37.598700","level":"info","event":"Filling up the DagBag from /opt/airflow/dags/shopee_pipeline_dag.py","logger":"airflow.models.dagbag.DagBag"}
{"timestamp":"2025-08-11T16:35:08.440925","level":"info","event":"Filling up the DagBag from /opt/airflow/dags/shopee_pipeline_dag.py","logger":"airflow.models.dagbag.DagBag"}
{"timestamp":"2025-08-11T16:35:39.090921","level":"info","event":"Filling up the DagBag from /opt/airflow/dags/shopee_pipeline_dag.py","logger":"airflow.models.dagbag.DagBag"}
{"timestamp":"2025-08-11T16:36:09.570796","level":"info","event":"Filling up the DagBag from /opt/airflow/dags/shopee_pipeline_dag.py","logger":"airflow.models.dagbag.DagBag"}
{"timestamp":"2025-08-11T16:36:39.808376","level":"info","event":"Filling up the DagBag from /opt/airflow/dags/shopee_pipeline_dag.py","logger":"airflow.models.dagbag.DagBag"}
{"timestamp":"2025-08-11T16:37:09.910806","level":"info","event":"Filling up the DagBag from /opt/airflow/dags/shopee_pipeline_dag.py","logger":"airflow.models.dagbag.DagBag"}
{"timestamp":"2025-08-11T16:37:40.053172","level":"info","event":"Filling up the DagBag from /opt/airflow/dags/shopee_pipeline_dag.py","logger":"airflow.models.dagbag.DagBag"}
{"timestamp":"2025-08-11T16:38:10.199047","level":"info","event":"Filling up the DagBag from /opt/airflow/dags/shopee_pipeline_dag.py","logger":"airflow.models.dagbag.DagBag"}
{"timestamp":"2025-08-11T16:38:40.370141","level":"info","event":"Filling up the DagBag from /opt/airflow/dags/shopee_pipeline_dag.py","logger":"airflow.models.dagbag.DagBag"}
{"timestamp":"2025-08-11T16:39:10.528962","level":"info","event":"Filling up the DagBag from /opt/airflow/dags/shopee_pipeline_dag.py","logger":"airflow.models.dagbag.DagBag"}
{"timestamp":"2025-08-11T16:39:40.629581","level":"info","event":"Filling up the DagBag from /opt/airflow/dags/shopee_pipeline_dag.py","logger":"airflow.models.dagbag.DagBag"}
{"timestamp":"2025-08-11T16:40:10.740091","level":"info","event":"Filling up the DagBag from /opt/airflow/dags/shopee_pipeline_dag.py","logger":"airflow.models.dagbag.DagBag"}
{"timestamp":"2025-08-11T16:40:41.678054","level":"info","event":"Filling up the DagBag from /opt/airflow/dags/shopee_pipeline_dag.py","logger":"airflow.models.dagbag.DagBag"}
{"timestamp":"2025-08-11T16:41:14.904945","level":"info","event":"Filling up the DagBag from /opt/airflow/dags/shopee_pipeline_dag.py","logger":"airflow.models.dagbag.DagBag"}
{"timestamp":"2025-08-11T16:41:45.948293","level":"info","event":"Filling up the DagBag from /opt/airflow/dags/shopee_pipeline_dag.py","logger":"airflow.models.dagbag.DagBag"}
{"timestamp":"2025-08-11T16:42:17.020846","level":"info","event":"Filling up the DagBag from /opt/airflow/dags/shopee_pipeline_dag.py","logger":"airflow.models.dagbag.DagBag"}
{"timestamp":"2025-08-11T16:42:47.157957","level":"info","event":"Filling up the DagBag from /opt/airflow/dags/shopee_pipeline_dag.py","logger":"airflow.models.dagbag.DagBag"}
{"timestamp":"2025-08-11T16:43:17.289237","level":"info","event":"Filling up the DagBag from /opt/airflow/dags/shopee_pipeline_dag.py","logger":"airflow.models.dagbag.DagBag"}
{"timestamp":"2025-08-11T16:43:47.430982","level":"info","event":"Filling up the DagBag from /opt/airflow/dags/shopee_pipeline_dag.py","logger":"airflow.models.dagbag.DagBag"}
{"timestamp":"2025-08-11T16:44:17.559465","level":"info","event":"Filling up the DagBag from /opt/airflow/dags/shopee_pipeline_dag.py","logger":"airflow.models.dagbag.DagBag"}
{"timestamp":"2025-08-11T16:44:47.745231","level":"info","event":"Filling up the DagBag from /opt/airflow/dags/shopee_pipeline_dag.py","logger":"airflow.models.dagbag.DagBag"}
{"timestamp":"2025-08-11T16:45:17.868241","level":"info","event":"Filling up the DagBag from /opt/airflow/dags/shopee_pipeline_dag.py","logger":"airflow.models.dagbag.DagBag"}
{"timestamp":"2025-08-11T16:45:47.991184","level":"info","event":"Filling up the DagBag from /opt/airflow/dags/shopee_pipeline_dag.py","logger":"airflow.models.dagbag.DagBag"}
{"timestamp":"2025-08-11T16:46:18.118182","level":"info","event":"Filling up the DagBag from /opt/airflow/dags/shopee_pipeline_dag.py","logger":"airflow.models.dagbag.DagBag"}
{"timestamp":"2025-08-11T16:46:51.310150","level":"info","event":"Filling up the DagBag from /opt/airflow/dags/shopee_pipeline_dag.py","logger":"airflow.models.dagbag.DagBag"}
{"timestamp":"2025-08-11T16:47:24.509327","level":"info","event":"Filling up the DagBag from /opt/airflow/dags/shopee_pipeline_dag.py","logger":"airflow.models.dagbag.DagBag"}
{"timestamp":"2025-08-11T16:47:57.579025","level":"info","event":"Filling up the DagBag from /opt/airflow/dags/shopee_pipeline_dag.py","logger":"airflow.models.dagbag.DagBag"}
{"timestamp":"2025-08-11T16:48:30.672198","level":"info","event":"Filling up the DagBag from /opt/airflow/dags/shopee_pipeline_dag.py","logger":"airflow.models.dagbag.DagBag"}
{"timestamp":"2025-08-11T16:49:04.749875","level":"info","event":"Filling up the DagBag from /opt/airflow/dags/shopee_pipeline_dag.py","logger":"airflow.models.dagbag.DagBag"}
{"timestamp":"2025-08-11T16:49:37.838886","level":"info","event":"Filling up the DagBag from /opt/airflow/dags/shopee_pipeline_dag.py","logger":"airflow.models.dagbag.DagBag"}
{"timestamp":"2025-08-11T16:50:10.932915","level":"info","event":"Filling up the DagBag from /opt/airflow/dags/shopee_pipeline_dag.py","logger":"airflow.models.dagbag.DagBag"}
{"timestamp":"2025-08-11T16:50:44.034734","level":"info","event":"Filling up the DagBag from /opt/airflow/dags/shopee_pipeline_dag.py","logger":"airflow.models.dagbag.DagBag"}
{"timestamp":"2025-08-11T16:51:14.939583","level":"info","event":"Filling up the DagBag from /opt/airflow/dags/shopee_pipeline_dag.py","logger":"airflow.models.dagbag.DagBag"}
{"timestamp":"2025-08-11T16:51:45.658417","level":"info","event":"Filling up the DagBag from /opt/airflow/dags/shopee_pipeline_dag.py","logger":"airflow.models.dagbag.DagBag"}
{"timestamp":"2025-08-11T16:52:16.056766","level":"info","event":"Filling up the DagBag from /opt/airflow/dags/shopee_pipeline_dag.py","logger":"airflow.models.dagbag.DagBag"}
{"timestamp":"2025-08-11T16:52:47.137893","level":"info","event":"Filling up the DagBag from /opt/airflow/dags/shopee_pipeline_dag.py","logger":"airflow.models.dagbag.DagBag"}
{"timestamp":"2025-08-11T16:53:18.165971","level":"info","event":"Filling up the DagBag from /opt/airflow/dags/shopee_pipeline_dag.py","logger":"airflow.models.dagbag.DagBag"}
{"timestamp":"2025-08-11T16:53:49.244483","level":"info","event":"Filling up the DagBag from /opt/airflow/dags/shopee_pipeline_dag.py","logger":"airflow.models.dagbag.DagBag"}
